Watching for file changes with StatReloader
Not Found: /favicon.ico
Internal Server Error: /login/
Traceback (most recent call last):
  File "C:\Users\lhu07\anaconda3\envs\big_project\Lib\site-packages\django\urls\base.py", line 71, in reverse
    extra, resolver = resolver.namespace_dict[ns]
                      ~~~~~~~~~~~~~~~~~~~~~~~^^^^
KeyError: 'login'

During handling of the above exception, another exception occurred:

Traceback (most recent call last):
  File "C:\Users\lhu07\anaconda3\envs\big_project\Lib\site-packages\django\core\handlers\exception.py", line 55, in inner
    response = get_response(request)
               ^^^^^^^^^^^^^^^^^^^^^
  File "C:\Users\lhu07\anaconda3\envs\big_project\Lib\site-packages\django\core\handlers\base.py", line 220, in _get_response
    response = response.render()
               ^^^^^^^^^^^^^^^^^
  File "C:\Users\lhu07\anaconda3\envs\big_project\Lib\site-packages\django\template\response.py", line 114, in render
    self.content = self.rendered_content
                   ^^^^^^^^^^^^^^^^^^^^^
  File "C:\Users\lhu07\anaconda3\envs\big_project\Lib\site-packages\django\template\response.py", line 92, in rendered_content
    return template.render(context, self._request)
           ^^^^^^^^^^^^^^^^^^^^^^^^^^^^^^^^^^^^^^^
  File "C:\Users\lhu07\anaconda3\envs\big_project\Lib\site-packages\django\template\backends\django.py", line 61, in render
    return self.template.render(context)
           ^^^^^^^^^^^^^^^^^^^^^^^^^^^^^
  File "C:\Users\lhu07\anaconda3\envs\big_project\Lib\site-packages\django\template\base.py", line 171, in render
    return self._render(context)
           ^^^^^^^^^^^^^^^^^^^^^
  File "C:\Users\lhu07\anaconda3\envs\big_project\Lib\site-packages\django\template\base.py", line 163, in _render
    return self.nodelist.render(context)
           ^^^^^^^^^^^^^^^^^^^^^^^^^^^^^
  File "C:\Users\lhu07\anaconda3\envs\big_project\Lib\site-packages\django\template\base.py", line 1000, in render
    return SafeString("".join([node.render_annotated(context) for node in self]))
                              ^^^^^^^^^^^^^^^^^^^^^^^^^^^^^^^^^^^^^^^^^^^^^^^^^
  File "C:\Users\lhu07\anaconda3\envs\big_project\Lib\site-packages\django\template\base.py", line 1000, in <listcomp>
    return SafeString("".join([node.render_annotated(context) for node in self]))
                               ^^^^^^^^^^^^^^^^^^^^^^^^^^^^^^
  File "C:\Users\lhu07\anaconda3\envs\big_project\Lib\site-packages\django\template\base.py", line 961, in render_annotated
    return self.render(context)
           ^^^^^^^^^^^^^^^^^^^^
  File "C:\Users\lhu07\anaconda3\envs\big_project\Lib\site-packages\django\template\defaulttags.py", line 479, in render
    url = reverse(view_name, args=args, kwargs=kwargs, current_app=current_app)
          ^^^^^^^^^^^^^^^^^^^^^^^^^^^^^^^^^^^^^^^^^^^^^^^^^^^^^^^^^^^^^^^^^^^^^
  File "C:\Users\lhu07\anaconda3\envs\big_project\Lib\site-packages\django\urls\base.py", line 82, in reverse
    raise NoReverseMatch("%s is not a registered namespace" % key)
django.urls.exceptions.NoReverseMatch: 'login' is not a registered namespace
Internal Server Error: /login/
Traceback (most recent call last):
  File "C:\Users\lhu07\anaconda3\envs\big_project\Lib\site-packages\django\urls\base.py", line 71, in reverse
    extra, resolver = resolver.namespace_dict[ns]
                      ~~~~~~~~~~~~~~~~~~~~~~~^^^^
KeyError: 'login'

During handling of the above exception, another exception occurred:

Traceback (most recent call last):
  File "C:\Users\lhu07\anaconda3\envs\big_project\Lib\site-packages\django\core\handlers\exception.py", line 55, in inner
    response = get_response(request)
               ^^^^^^^^^^^^^^^^^^^^^
  File "C:\Users\lhu07\anaconda3\envs\big_project\Lib\site-packages\django\core\handlers\base.py", line 220, in _get_response
    response = response.render()
               ^^^^^^^^^^^^^^^^^
  File "C:\Users\lhu07\anaconda3\envs\big_project\Lib\site-packages\django\template\response.py", line 114, in render
    self.content = self.rendered_content
                   ^^^^^^^^^^^^^^^^^^^^^
  File "C:\Users\lhu07\anaconda3\envs\big_project\Lib\site-packages\django\template\response.py", line 92, in rendered_content
    return template.render(context, self._request)
           ^^^^^^^^^^^^^^^^^^^^^^^^^^^^^^^^^^^^^^^
  File "C:\Users\lhu07\anaconda3\envs\big_project\Lib\site-packages\django\template\backends\django.py", line 61, in render
    return self.template.render(context)
           ^^^^^^^^^^^^^^^^^^^^^^^^^^^^^
  File "C:\Users\lhu07\anaconda3\envs\big_project\Lib\site-packages\django\template\base.py", line 171, in render
    return self._render(context)
           ^^^^^^^^^^^^^^^^^^^^^
  File "C:\Users\lhu07\anaconda3\envs\big_project\Lib\site-packages\django\template\base.py", line 163, in _render
    return self.nodelist.render(context)
           ^^^^^^^^^^^^^^^^^^^^^^^^^^^^^
  File "C:\Users\lhu07\anaconda3\envs\big_project\Lib\site-packages\django\template\base.py", line 1000, in render
    return SafeString("".join([node.render_annotated(context) for node in self]))
                              ^^^^^^^^^^^^^^^^^^^^^^^^^^^^^^^^^^^^^^^^^^^^^^^^^
  File "C:\Users\lhu07\anaconda3\envs\big_project\Lib\site-packages\django\template\base.py", line 1000, in <listcomp>
    return SafeString("".join([node.render_annotated(context) for node in self]))
                               ^^^^^^^^^^^^^^^^^^^^^^^^^^^^^^
  File "C:\Users\lhu07\anaconda3\envs\big_project\Lib\site-packages\django\template\base.py", line 961, in render_annotated
    return self.render(context)
           ^^^^^^^^^^^^^^^^^^^^
  File "C:\Users\lhu07\anaconda3\envs\big_project\Lib\site-packages\django\template\defaulttags.py", line 479, in render
    url = reverse(view_name, args=args, kwargs=kwargs, current_app=current_app)
          ^^^^^^^^^^^^^^^^^^^^^^^^^^^^^^^^^^^^^^^^^^^^^^^^^^^^^^^^^^^^^^^^^^^^^
  File "C:\Users\lhu07\anaconda3\envs\big_project\Lib\site-packages\django\urls\base.py", line 82, in reverse
    raise NoReverseMatch("%s is not a registered namespace" % key)
django.urls.exceptions.NoReverseMatch: 'login' is not a registered namespace
Internal Server Error: /login/
Traceback (most recent call last):
  File "C:\Users\lhu07\anaconda3\envs\big_project\Lib\site-packages\django\urls\base.py", line 71, in reverse
    extra, resolver = resolver.namespace_dict[ns]
                      ~~~~~~~~~~~~~~~~~~~~~~~^^^^
KeyError: 'login'

During handling of the above exception, another exception occurred:

Traceback (most recent call last):
  File "C:\Users\lhu07\anaconda3\envs\big_project\Lib\site-packages\django\core\handlers\exception.py", line 55, in inner
    response = get_response(request)
               ^^^^^^^^^^^^^^^^^^^^^
  File "C:\Users\lhu07\anaconda3\envs\big_project\Lib\site-packages\django\core\handlers\base.py", line 220, in _get_response
    response = response.render()
               ^^^^^^^^^^^^^^^^^
  File "C:\Users\lhu07\anaconda3\envs\big_project\Lib\site-packages\django\template\response.py", line 114, in render
    self.content = self.rendered_content
                   ^^^^^^^^^^^^^^^^^^^^^
  File "C:\Users\lhu07\anaconda3\envs\big_project\Lib\site-packages\django\template\response.py", line 92, in rendered_content
    return template.render(context, self._request)
           ^^^^^^^^^^^^^^^^^^^^^^^^^^^^^^^^^^^^^^^
  File "C:\Users\lhu07\anaconda3\envs\big_project\Lib\site-packages\django\template\backends\django.py", line 61, in render
    return self.template.render(context)
           ^^^^^^^^^^^^^^^^^^^^^^^^^^^^^
  File "C:\Users\lhu07\anaconda3\envs\big_project\Lib\site-packages\django\template\base.py", line 171, in render
    return self._render(context)
           ^^^^^^^^^^^^^^^^^^^^^
  File "C:\Users\lhu07\anaconda3\envs\big_project\Lib\site-packages\django\template\base.py", line 163, in _render
    return self.nodelist.render(context)
           ^^^^^^^^^^^^^^^^^^^^^^^^^^^^^
  File "C:\Users\lhu07\anaconda3\envs\big_project\Lib\site-packages\django\template\base.py", line 1000, in render
    return SafeString("".join([node.render_annotated(context) for node in self]))
                              ^^^^^^^^^^^^^^^^^^^^^^^^^^^^^^^^^^^^^^^^^^^^^^^^^
  File "C:\Users\lhu07\anaconda3\envs\big_project\Lib\site-packages\django\template\base.py", line 1000, in <listcomp>
    return SafeString("".join([node.render_annotated(context) for node in self]))
                               ^^^^^^^^^^^^^^^^^^^^^^^^^^^^^^
  File "C:\Users\lhu07\anaconda3\envs\big_project\Lib\site-packages\django\template\base.py", line 961, in render_annotated
    return self.render(context)
           ^^^^^^^^^^^^^^^^^^^^
  File "C:\Users\lhu07\anaconda3\envs\big_project\Lib\site-packages\django\template\defaulttags.py", line 479, in render
    url = reverse(view_name, args=args, kwargs=kwargs, current_app=current_app)
          ^^^^^^^^^^^^^^^^^^^^^^^^^^^^^^^^^^^^^^^^^^^^^^^^^^^^^^^^^^^^^^^^^^^^^
  File "C:\Users\lhu07\anaconda3\envs\big_project\Lib\site-packages\django\urls\base.py", line 82, in reverse
    raise NoReverseMatch("%s is not a registered namespace" % key)
django.urls.exceptions.NoReverseMatch: 'login' is not a registered namespace
Internal Server Error: /login/
Traceback (most recent call last):
  File "C:\Users\lhu07\anaconda3\envs\big_project\Lib\site-packages\django\urls\base.py", line 71, in reverse
    extra, resolver = resolver.namespace_dict[ns]
                      ~~~~~~~~~~~~~~~~~~~~~~~^^^^
KeyError: 'login'

During handling of the above exception, another exception occurred:

Traceback (most recent call last):
  File "C:\Users\lhu07\anaconda3\envs\big_project\Lib\site-packages\django\core\handlers\exception.py", line 55, in inner
    response = get_response(request)
               ^^^^^^^^^^^^^^^^^^^^^
  File "C:\Users\lhu07\anaconda3\envs\big_project\Lib\site-packages\django\core\handlers\base.py", line 220, in _get_response
    response = response.render()
               ^^^^^^^^^^^^^^^^^
  File "C:\Users\lhu07\anaconda3\envs\big_project\Lib\site-packages\django\template\response.py", line 114, in render
    self.content = self.rendered_content
                   ^^^^^^^^^^^^^^^^^^^^^
  File "C:\Users\lhu07\anaconda3\envs\big_project\Lib\site-packages\django\template\response.py", line 92, in rendered_content
    return template.render(context, self._request)
           ^^^^^^^^^^^^^^^^^^^^^^^^^^^^^^^^^^^^^^^
  File "C:\Users\lhu07\anaconda3\envs\big_project\Lib\site-packages\django\template\backends\django.py", line 61, in render
    return self.template.render(context)
           ^^^^^^^^^^^^^^^^^^^^^^^^^^^^^
  File "C:\Users\lhu07\anaconda3\envs\big_project\Lib\site-packages\django\template\base.py", line 171, in render
    return self._render(context)
           ^^^^^^^^^^^^^^^^^^^^^
  File "C:\Users\lhu07\anaconda3\envs\big_project\Lib\site-packages\django\template\base.py", line 163, in _render
    return self.nodelist.render(context)
           ^^^^^^^^^^^^^^^^^^^^^^^^^^^^^
  File "C:\Users\lhu07\anaconda3\envs\big_project\Lib\site-packages\django\template\base.py", line 1000, in render
    return SafeString("".join([node.render_annotated(context) for node in self]))
                              ^^^^^^^^^^^^^^^^^^^^^^^^^^^^^^^^^^^^^^^^^^^^^^^^^
  File "C:\Users\lhu07\anaconda3\envs\big_project\Lib\site-packages\django\template\base.py", line 1000, in <listcomp>
    return SafeString("".join([node.render_annotated(context) for node in self]))
                               ^^^^^^^^^^^^^^^^^^^^^^^^^^^^^^
  File "C:\Users\lhu07\anaconda3\envs\big_project\Lib\site-packages\django\template\base.py", line 961, in render_annotated
    return self.render(context)
           ^^^^^^^^^^^^^^^^^^^^
  File "C:\Users\lhu07\anaconda3\envs\big_project\Lib\site-packages\django\template\defaulttags.py", line 479, in render
    url = reverse(view_name, args=args, kwargs=kwargs, current_app=current_app)
          ^^^^^^^^^^^^^^^^^^^^^^^^^^^^^^^^^^^^^^^^^^^^^^^^^^^^^^^^^^^^^^^^^^^^^
  File "C:\Users\lhu07\anaconda3\envs\big_project\Lib\site-packages\django\urls\base.py", line 82, in reverse
    raise NoReverseMatch("%s is not a registered namespace" % key)
django.urls.exceptions.NoReverseMatch: 'login' is not a registered namespace
Internal Server Error: /
Traceback (most recent call last):
  File "C:\Users\lhu07\anaconda3\envs\big_project\Lib\site-packages\django\urls\base.py", line 71, in reverse
    extra, resolver = resolver.namespace_dict[ns]
                      ~~~~~~~~~~~~~~~~~~~~~~~^^^^
KeyError: 'login'

During handling of the above exception, another exception occurred:

Traceback (most recent call last):
  File "C:\Users\lhu07\anaconda3\envs\big_project\Lib\site-packages\django\core\handlers\exception.py", line 55, in inner
    response = get_response(request)
               ^^^^^^^^^^^^^^^^^^^^^
  File "C:\Users\lhu07\anaconda3\envs\big_project\Lib\site-packages\django\core\handlers\base.py", line 197, in _get_response
    response = wrapped_callback(request, *callback_args, **callback_kwargs)
               ^^^^^^^^^^^^^^^^^^^^^^^^^^^^^^^^^^^^^^^^^^^^^^^^^^^^^^^^^^^^
  File "E:\빅프로젝트_34조\be_predict\bigproject28\aivle_big\urls.py", line 23, in index
    return render(request,'index.html')
           ^^^^^^^^^^^^^^^^^^^^^^^^^^^^
  File "C:\Users\lhu07\anaconda3\envs\big_project\Lib\site-packages\django\shortcuts.py", line 25, in render
    content = loader.render_to_string(template_name, context, request, using=using)
              ^^^^^^^^^^^^^^^^^^^^^^^^^^^^^^^^^^^^^^^^^^^^^^^^^^^^^^^^^^^^^^^^^^^^^
  File "C:\Users\lhu07\anaconda3\envs\big_project\Lib\site-packages\django\template\loader.py", line 62, in render_to_string
    return template.render(context, request)
           ^^^^^^^^^^^^^^^^^^^^^^^^^^^^^^^^^
  File "C:\Users\lhu07\anaconda3\envs\big_project\Lib\site-packages\django\template\backends\django.py", line 61, in render
    return self.template.render(context)
           ^^^^^^^^^^^^^^^^^^^^^^^^^^^^^
  File "C:\Users\lhu07\anaconda3\envs\big_project\Lib\site-packages\django\template\base.py", line 171, in render
    return self._render(context)
           ^^^^^^^^^^^^^^^^^^^^^
  File "C:\Users\lhu07\anaconda3\envs\big_project\Lib\site-packages\django\template\base.py", line 163, in _render
    return self.nodelist.render(context)
           ^^^^^^^^^^^^^^^^^^^^^^^^^^^^^
  File "C:\Users\lhu07\anaconda3\envs\big_project\Lib\site-packages\django\template\base.py", line 1000, in render
    return SafeString("".join([node.render_annotated(context) for node in self]))
                              ^^^^^^^^^^^^^^^^^^^^^^^^^^^^^^^^^^^^^^^^^^^^^^^^^
  File "C:\Users\lhu07\anaconda3\envs\big_project\Lib\site-packages\django\template\base.py", line 1000, in <listcomp>
    return SafeString("".join([node.render_annotated(context) for node in self]))
                               ^^^^^^^^^^^^^^^^^^^^^^^^^^^^^^
  File "C:\Users\lhu07\anaconda3\envs\big_project\Lib\site-packages\django\template\base.py", line 961, in render_annotated
    return self.render(context)
           ^^^^^^^^^^^^^^^^^^^^
  File "C:\Users\lhu07\anaconda3\envs\big_project\Lib\site-packages\django\template\defaulttags.py", line 479, in render
    url = reverse(view_name, args=args, kwargs=kwargs, current_app=current_app)
          ^^^^^^^^^^^^^^^^^^^^^^^^^^^^^^^^^^^^^^^^^^^^^^^^^^^^^^^^^^^^^^^^^^^^^
  File "C:\Users\lhu07\anaconda3\envs\big_project\Lib\site-packages\django\urls\base.py", line 82, in reverse
    raise NoReverseMatch("%s is not a registered namespace" % key)
django.urls.exceptions.NoReverseMatch: 'login' is not a registered namespace
Internal Server Error: /
Traceback (most recent call last):
  File "C:\Users\lhu07\anaconda3\envs\big_project\Lib\site-packages\django\urls\base.py", line 71, in reverse
    extra, resolver = resolver.namespace_dict[ns]
                      ~~~~~~~~~~~~~~~~~~~~~~~^^^^
KeyError: 'login'

During handling of the above exception, another exception occurred:

Traceback (most recent call last):
  File "C:\Users\lhu07\anaconda3\envs\big_project\Lib\site-packages\django\core\handlers\exception.py", line 55, in inner
    response = get_response(request)
               ^^^^^^^^^^^^^^^^^^^^^
  File "C:\Users\lhu07\anaconda3\envs\big_project\Lib\site-packages\django\core\handlers\base.py", line 197, in _get_response
    response = wrapped_callback(request, *callback_args, **callback_kwargs)
               ^^^^^^^^^^^^^^^^^^^^^^^^^^^^^^^^^^^^^^^^^^^^^^^^^^^^^^^^^^^^
  File "E:\빅프로젝트_34조\be_predict\bigproject28\aivle_big\urls.py", line 23, in index
    return render(request,'index.html')
           ^^^^^^^^^^^^^^^^^^^^^^^^^^^^
  File "C:\Users\lhu07\anaconda3\envs\big_project\Lib\site-packages\django\shortcuts.py", line 25, in render
    content = loader.render_to_string(template_name, context, request, using=using)
              ^^^^^^^^^^^^^^^^^^^^^^^^^^^^^^^^^^^^^^^^^^^^^^^^^^^^^^^^^^^^^^^^^^^^^
  File "C:\Users\lhu07\anaconda3\envs\big_project\Lib\site-packages\django\template\loader.py", line 62, in render_to_string
    return template.render(context, request)
           ^^^^^^^^^^^^^^^^^^^^^^^^^^^^^^^^^
  File "C:\Users\lhu07\anaconda3\envs\big_project\Lib\site-packages\django\template\backends\django.py", line 61, in render
    return self.template.render(context)
           ^^^^^^^^^^^^^^^^^^^^^^^^^^^^^
  File "C:\Users\lhu07\anaconda3\envs\big_project\Lib\site-packages\django\template\base.py", line 171, in render
    return self._render(context)
           ^^^^^^^^^^^^^^^^^^^^^
  File "C:\Users\lhu07\anaconda3\envs\big_project\Lib\site-packages\django\template\base.py", line 163, in _render
    return self.nodelist.render(context)
           ^^^^^^^^^^^^^^^^^^^^^^^^^^^^^
  File "C:\Users\lhu07\anaconda3\envs\big_project\Lib\site-packages\django\template\base.py", line 1000, in render
    return SafeString("".join([node.render_annotated(context) for node in self]))
                              ^^^^^^^^^^^^^^^^^^^^^^^^^^^^^^^^^^^^^^^^^^^^^^^^^
  File "C:\Users\lhu07\anaconda3\envs\big_project\Lib\site-packages\django\template\base.py", line 1000, in <listcomp>
    return SafeString("".join([node.render_annotated(context) for node in self]))
                               ^^^^^^^^^^^^^^^^^^^^^^^^^^^^^^
  File "C:\Users\lhu07\anaconda3\envs\big_project\Lib\site-packages\django\template\base.py", line 961, in render_annotated
    return self.render(context)
           ^^^^^^^^^^^^^^^^^^^^
  File "C:\Users\lhu07\anaconda3\envs\big_project\Lib\site-packages\django\template\defaulttags.py", line 479, in render
    url = reverse(view_name, args=args, kwargs=kwargs, current_app=current_app)
          ^^^^^^^^^^^^^^^^^^^^^^^^^^^^^^^^^^^^^^^^^^^^^^^^^^^^^^^^^^^^^^^^^^^^^
  File "C:\Users\lhu07\anaconda3\envs\big_project\Lib\site-packages\django\urls\base.py", line 82, in reverse
    raise NoReverseMatch("%s is not a registered namespace" % key)
django.urls.exceptions.NoReverseMatch: 'login' is not a registered namespace
E:\빅프로젝트_34조\be_predict\bigproject28\aivle_big\urls.py changed, reloading.
Watching for file changes with StatReloader
Internal Server Error: /login/
Traceback (most recent call last):
  File "C:\Users\lhu07\anaconda3\envs\big_project\Lib\site-packages\django\core\handlers\exception.py", line 55, in inner
    response = get_response(request)
               ^^^^^^^^^^^^^^^^^^^^^
  File "C:\Users\lhu07\anaconda3\envs\big_project\Lib\site-packages\django\core\handlers\base.py", line 220, in _get_response
    response = response.render()
               ^^^^^^^^^^^^^^^^^
  File "C:\Users\lhu07\anaconda3\envs\big_project\Lib\site-packages\django\template\response.py", line 114, in render
    self.content = self.rendered_content
                   ^^^^^^^^^^^^^^^^^^^^^
  File "C:\Users\lhu07\anaconda3\envs\big_project\Lib\site-packages\django\template\response.py", line 90, in rendered_content
    template = self.resolve_template(self.template_name)
               ^^^^^^^^^^^^^^^^^^^^^^^^^^^^^^^^^^^^^^^^^
  File "C:\Users\lhu07\anaconda3\envs\big_project\Lib\site-packages\django\template\response.py", line 72, in resolve_template
    return select_template(template, using=self.using)
           ^^^^^^^^^^^^^^^^^^^^^^^^^^^^^^^^^^^^^^^^^^^
  File "C:\Users\lhu07\anaconda3\envs\big_project\Lib\site-packages\django\template\loader.py", line 47, in select_template
    raise TemplateDoesNotExist(", ".join(template_name_list), chain=chain)
django.template.exceptions.TemplateDoesNotExist: login/login.html
Not Found: /login/ㅣㅐ햐ㅜ
Not Found: /login/login/
Internal Server Error: /login/
Traceback (most recent call last):
  File "C:\Users\lhu07\anaconda3\envs\big_project\Lib\site-packages\django\core\handlers\exception.py", line 55, in inner
    response = get_response(request)
               ^^^^^^^^^^^^^^^^^^^^^
  File "C:\Users\lhu07\anaconda3\envs\big_project\Lib\site-packages\django\core\handlers\base.py", line 220, in _get_response
    response = response.render()
               ^^^^^^^^^^^^^^^^^
  File "C:\Users\lhu07\anaconda3\envs\big_project\Lib\site-packages\django\template\response.py", line 114, in render
    self.content = self.rendered_content
                   ^^^^^^^^^^^^^^^^^^^^^
  File "C:\Users\lhu07\anaconda3\envs\big_project\Lib\site-packages\django\template\response.py", line 90, in rendered_content
    template = self.resolve_template(self.template_name)
               ^^^^^^^^^^^^^^^^^^^^^^^^^^^^^^^^^^^^^^^^^
  File "C:\Users\lhu07\anaconda3\envs\big_project\Lib\site-packages\django\template\response.py", line 72, in resolve_template
    return select_template(template, using=self.using)
           ^^^^^^^^^^^^^^^^^^^^^^^^^^^^^^^^^^^^^^^^^^^
  File "C:\Users\lhu07\anaconda3\envs\big_project\Lib\site-packages\django\template\loader.py", line 47, in select_template
    raise TemplateDoesNotExist(", ".join(template_name_list), chain=chain)
django.template.exceptions.TemplateDoesNotExist: login/login.html
Internal Server Error: /login/
Traceback (most recent call last):
  File "C:\Users\lhu07\anaconda3\envs\big_project\Lib\site-packages\django\core\handlers\exception.py", line 55, in inner
    response = get_response(request)
               ^^^^^^^^^^^^^^^^^^^^^
  File "C:\Users\lhu07\anaconda3\envs\big_project\Lib\site-packages\django\core\handlers\base.py", line 220, in _get_response
    response = response.render()
               ^^^^^^^^^^^^^^^^^
  File "C:\Users\lhu07\anaconda3\envs\big_project\Lib\site-packages\django\template\response.py", line 114, in render
    self.content = self.rendered_content
                   ^^^^^^^^^^^^^^^^^^^^^
  File "C:\Users\lhu07\anaconda3\envs\big_project\Lib\site-packages\django\template\response.py", line 90, in rendered_content
    template = self.resolve_template(self.template_name)
               ^^^^^^^^^^^^^^^^^^^^^^^^^^^^^^^^^^^^^^^^^
  File "C:\Users\lhu07\anaconda3\envs\big_project\Lib\site-packages\django\template\response.py", line 72, in resolve_template
    return select_template(template, using=self.using)
           ^^^^^^^^^^^^^^^^^^^^^^^^^^^^^^^^^^^^^^^^^^^
  File "C:\Users\lhu07\anaconda3\envs\big_project\Lib\site-packages\django\template\loader.py", line 47, in select_template
    raise TemplateDoesNotExist(", ".join(template_name_list), chain=chain)
django.template.exceptions.TemplateDoesNotExist: login/login.html
Not Found: /login/login/
E:\빅프로젝트_34조\be_predict\bigproject28\aivle_big\urls.py changed, reloading.
Watching for file changes with StatReloader
Internal Server Error: /login/
Traceback (most recent call last):
  File "C:\Users\lhu07\anaconda3\envs\big_project\Lib\site-packages\django\urls\base.py", line 71, in reverse
    extra, resolver = resolver.namespace_dict[ns]
                      ~~~~~~~~~~~~~~~~~~~~~~~^^^^
KeyError: 'login'

During handling of the above exception, another exception occurred:

Traceback (most recent call last):
  File "C:\Users\lhu07\anaconda3\envs\big_project\Lib\site-packages\django\core\handlers\exception.py", line 55, in inner
    response = get_response(request)
               ^^^^^^^^^^^^^^^^^^^^^
  File "C:\Users\lhu07\anaconda3\envs\big_project\Lib\site-packages\django\core\handlers\base.py", line 220, in _get_response
    response = response.render()
               ^^^^^^^^^^^^^^^^^
  File "C:\Users\lhu07\anaconda3\envs\big_project\Lib\site-packages\django\template\response.py", line 114, in render
    self.content = self.rendered_content
                   ^^^^^^^^^^^^^^^^^^^^^
  File "C:\Users\lhu07\anaconda3\envs\big_project\Lib\site-packages\django\template\response.py", line 92, in rendered_content
    return template.render(context, self._request)
           ^^^^^^^^^^^^^^^^^^^^^^^^^^^^^^^^^^^^^^^
  File "C:\Users\lhu07\anaconda3\envs\big_project\Lib\site-packages\django\template\backends\django.py", line 61, in render
    return self.template.render(context)
           ^^^^^^^^^^^^^^^^^^^^^^^^^^^^^
  File "C:\Users\lhu07\anaconda3\envs\big_project\Lib\site-packages\django\template\base.py", line 171, in render
    return self._render(context)
           ^^^^^^^^^^^^^^^^^^^^^
  File "C:\Users\lhu07\anaconda3\envs\big_project\Lib\site-packages\django\template\base.py", line 163, in _render
    return self.nodelist.render(context)
           ^^^^^^^^^^^^^^^^^^^^^^^^^^^^^
  File "C:\Users\lhu07\anaconda3\envs\big_project\Lib\site-packages\django\template\base.py", line 1000, in render
    return SafeString("".join([node.render_annotated(context) for node in self]))
                              ^^^^^^^^^^^^^^^^^^^^^^^^^^^^^^^^^^^^^^^^^^^^^^^^^
  File "C:\Users\lhu07\anaconda3\envs\big_project\Lib\site-packages\django\template\base.py", line 1000, in <listcomp>
    return SafeString("".join([node.render_annotated(context) for node in self]))
                               ^^^^^^^^^^^^^^^^^^^^^^^^^^^^^^
  File "C:\Users\lhu07\anaconda3\envs\big_project\Lib\site-packages\django\template\base.py", line 961, in render_annotated
    return self.render(context)
           ^^^^^^^^^^^^^^^^^^^^
  File "C:\Users\lhu07\anaconda3\envs\big_project\Lib\site-packages\django\template\defaulttags.py", line 479, in render
    url = reverse(view_name, args=args, kwargs=kwargs, current_app=current_app)
          ^^^^^^^^^^^^^^^^^^^^^^^^^^^^^^^^^^^^^^^^^^^^^^^^^^^^^^^^^^^^^^^^^^^^^
  File "C:\Users\lhu07\anaconda3\envs\big_project\Lib\site-packages\django\urls\base.py", line 82, in reverse
    raise NoReverseMatch("%s is not a registered namespace" % key)
django.urls.exceptions.NoReverseMatch: 'login' is not a registered namespace
Internal Server Error: /login/
Traceback (most recent call last):
  File "C:\Users\lhu07\anaconda3\envs\big_project\Lib\site-packages\django\urls\base.py", line 71, in reverse
    extra, resolver = resolver.namespace_dict[ns]
                      ~~~~~~~~~~~~~~~~~~~~~~~^^^^
KeyError: 'login'

During handling of the above exception, another exception occurred:

Traceback (most recent call last):
  File "C:\Users\lhu07\anaconda3\envs\big_project\Lib\site-packages\django\core\handlers\exception.py", line 55, in inner
    response = get_response(request)
               ^^^^^^^^^^^^^^^^^^^^^
  File "C:\Users\lhu07\anaconda3\envs\big_project\Lib\site-packages\django\core\handlers\base.py", line 220, in _get_response
    response = response.render()
               ^^^^^^^^^^^^^^^^^
  File "C:\Users\lhu07\anaconda3\envs\big_project\Lib\site-packages\django\template\response.py", line 114, in render
    self.content = self.rendered_content
                   ^^^^^^^^^^^^^^^^^^^^^
  File "C:\Users\lhu07\anaconda3\envs\big_project\Lib\site-packages\django\template\response.py", line 92, in rendered_content
    return template.render(context, self._request)
           ^^^^^^^^^^^^^^^^^^^^^^^^^^^^^^^^^^^^^^^
  File "C:\Users\lhu07\anaconda3\envs\big_project\Lib\site-packages\django\template\backends\django.py", line 61, in render
    return self.template.render(context)
           ^^^^^^^^^^^^^^^^^^^^^^^^^^^^^
  File "C:\Users\lhu07\anaconda3\envs\big_project\Lib\site-packages\django\template\base.py", line 171, in render
    return self._render(context)
           ^^^^^^^^^^^^^^^^^^^^^
  File "C:\Users\lhu07\anaconda3\envs\big_project\Lib\site-packages\django\template\base.py", line 163, in _render
    return self.nodelist.render(context)
           ^^^^^^^^^^^^^^^^^^^^^^^^^^^^^
  File "C:\Users\lhu07\anaconda3\envs\big_project\Lib\site-packages\django\template\base.py", line 1000, in render
    return SafeString("".join([node.render_annotated(context) for node in self]))
                              ^^^^^^^^^^^^^^^^^^^^^^^^^^^^^^^^^^^^^^^^^^^^^^^^^
  File "C:\Users\lhu07\anaconda3\envs\big_project\Lib\site-packages\django\template\base.py", line 1000, in <listcomp>
    return SafeString("".join([node.render_annotated(context) for node in self]))
                               ^^^^^^^^^^^^^^^^^^^^^^^^^^^^^^
  File "C:\Users\lhu07\anaconda3\envs\big_project\Lib\site-packages\django\template\base.py", line 961, in render_annotated
    return self.render(context)
           ^^^^^^^^^^^^^^^^^^^^
  File "C:\Users\lhu07\anaconda3\envs\big_project\Lib\site-packages\django\template\defaulttags.py", line 479, in render
    url = reverse(view_name, args=args, kwargs=kwargs, current_app=current_app)
          ^^^^^^^^^^^^^^^^^^^^^^^^^^^^^^^^^^^^^^^^^^^^^^^^^^^^^^^^^^^^^^^^^^^^^
  File "C:\Users\lhu07\anaconda3\envs\big_project\Lib\site-packages\django\urls\base.py", line 82, in reverse
    raise NoReverseMatch("%s is not a registered namespace" % key)
django.urls.exceptions.NoReverseMatch: 'login' is not a registered namespace
Not Found: /login/login/
Not Found: /login/signup/
Internal Server Error: /login/
Traceback (most recent call last):
  File "C:\Users\lhu07\anaconda3\envs\big_project\Lib\site-packages\django\urls\base.py", line 71, in reverse
    extra, resolver = resolver.namespace_dict[ns]
                      ~~~~~~~~~~~~~~~~~~~~~~~^^^^
KeyError: 'login'

During handling of the above exception, another exception occurred:

Traceback (most recent call last):
  File "C:\Users\lhu07\anaconda3\envs\big_project\Lib\site-packages\django\core\handlers\exception.py", line 55, in inner
    response = get_response(request)
               ^^^^^^^^^^^^^^^^^^^^^
  File "C:\Users\lhu07\anaconda3\envs\big_project\Lib\site-packages\django\core\handlers\base.py", line 220, in _get_response
    response = response.render()
               ^^^^^^^^^^^^^^^^^
  File "C:\Users\lhu07\anaconda3\envs\big_project\Lib\site-packages\django\template\response.py", line 114, in render
    self.content = self.rendered_content
                   ^^^^^^^^^^^^^^^^^^^^^
  File "C:\Users\lhu07\anaconda3\envs\big_project\Lib\site-packages\django\template\response.py", line 92, in rendered_content
    return template.render(context, self._request)
           ^^^^^^^^^^^^^^^^^^^^^^^^^^^^^^^^^^^^^^^
  File "C:\Users\lhu07\anaconda3\envs\big_project\Lib\site-packages\django\template\backends\django.py", line 61, in render
    return self.template.render(context)
           ^^^^^^^^^^^^^^^^^^^^^^^^^^^^^
  File "C:\Users\lhu07\anaconda3\envs\big_project\Lib\site-packages\django\template\base.py", line 171, in render
    return self._render(context)
           ^^^^^^^^^^^^^^^^^^^^^
  File "C:\Users\lhu07\anaconda3\envs\big_project\Lib\site-packages\django\template\base.py", line 163, in _render
    return self.nodelist.render(context)
           ^^^^^^^^^^^^^^^^^^^^^^^^^^^^^
  File "C:\Users\lhu07\anaconda3\envs\big_project\Lib\site-packages\django\template\base.py", line 1000, in render
    return SafeString("".join([node.render_annotated(context) for node in self]))
                              ^^^^^^^^^^^^^^^^^^^^^^^^^^^^^^^^^^^^^^^^^^^^^^^^^
  File "C:\Users\lhu07\anaconda3\envs\big_project\Lib\site-packages\django\template\base.py", line 1000, in <listcomp>
    return SafeString("".join([node.render_annotated(context) for node in self]))
                               ^^^^^^^^^^^^^^^^^^^^^^^^^^^^^^
  File "C:\Users\lhu07\anaconda3\envs\big_project\Lib\site-packages\django\template\base.py", line 961, in render_annotated
    return self.render(context)
           ^^^^^^^^^^^^^^^^^^^^
  File "C:\Users\lhu07\anaconda3\envs\big_project\Lib\site-packages\django\template\defaulttags.py", line 479, in render
    url = reverse(view_name, args=args, kwargs=kwargs, current_app=current_app)
          ^^^^^^^^^^^^^^^^^^^^^^^^^^^^^^^^^^^^^^^^^^^^^^^^^^^^^^^^^^^^^^^^^^^^^
  File "C:\Users\lhu07\anaconda3\envs\big_project\Lib\site-packages\django\urls\base.py", line 82, in reverse
    raise NoReverseMatch("%s is not a registered namespace" % key)
django.urls.exceptions.NoReverseMatch: 'login' is not a registered namespace
E:\빅프로젝트_34조\be_predict\bigproject28\aivle_big\urls.py changed, reloading.
Watching for file changes with StatReloader
Not Found: /login/
Not Found: /login/
Internal Server Error: /login/login/
Traceback (most recent call last):
  File "C:\Users\lhu07\anaconda3\envs\big_project\Lib\site-packages\django\urls\base.py", line 71, in reverse
    extra, resolver = resolver.namespace_dict[ns]
                      ~~~~~~~~~~~~~~~~~~~~~~~^^^^
KeyError: 'community'

During handling of the above exception, another exception occurred:

Traceback (most recent call last):
  File "C:\Users\lhu07\anaconda3\envs\big_project\Lib\site-packages\django\core\handlers\exception.py", line 55, in inner
    response = get_response(request)
               ^^^^^^^^^^^^^^^^^^^^^
  File "C:\Users\lhu07\anaconda3\envs\big_project\Lib\site-packages\django\core\handlers\base.py", line 197, in _get_response
    response = wrapped_callback(request, *callback_args, **callback_kwargs)
               ^^^^^^^^^^^^^^^^^^^^^^^^^^^^^^^^^^^^^^^^^^^^^^^^^^^^^^^^^^^^
  File "C:\Users\lhu07\anaconda3\envs\big_project\Lib\site-packages\django\views\decorators\csrf.py", line 65, in _view_wrapper
    return view_func(request, *args, **kwargs)
           ^^^^^^^^^^^^^^^^^^^^^^^^^^^^^^^^^^^
  File "E:\빅프로젝트_34조\be_predict\bigproject28\login\views.py", line 54, in login
    return render(request, 'login.html')
           ^^^^^^^^^^^^^^^^^^^^^^^^^^^^^
  File "C:\Users\lhu07\anaconda3\envs\big_project\Lib\site-packages\django\shortcuts.py", line 25, in render
    content = loader.render_to_string(template_name, context, request, using=using)
              ^^^^^^^^^^^^^^^^^^^^^^^^^^^^^^^^^^^^^^^^^^^^^^^^^^^^^^^^^^^^^^^^^^^^^
  File "C:\Users\lhu07\anaconda3\envs\big_project\Lib\site-packages\django\template\loader.py", line 62, in render_to_string
    return template.render(context, request)
           ^^^^^^^^^^^^^^^^^^^^^^^^^^^^^^^^^
  File "C:\Users\lhu07\anaconda3\envs\big_project\Lib\site-packages\django\template\backends\django.py", line 61, in render
    return self.template.render(context)
           ^^^^^^^^^^^^^^^^^^^^^^^^^^^^^
  File "C:\Users\lhu07\anaconda3\envs\big_project\Lib\site-packages\django\template\base.py", line 171, in render
    return self._render(context)
           ^^^^^^^^^^^^^^^^^^^^^
  File "C:\Users\lhu07\anaconda3\envs\big_project\Lib\site-packages\django\template\base.py", line 163, in _render
    return self.nodelist.render(context)
           ^^^^^^^^^^^^^^^^^^^^^^^^^^^^^
  File "C:\Users\lhu07\anaconda3\envs\big_project\Lib\site-packages\django\template\base.py", line 1000, in render
    return SafeString("".join([node.render_annotated(context) for node in self]))
                              ^^^^^^^^^^^^^^^^^^^^^^^^^^^^^^^^^^^^^^^^^^^^^^^^^
  File "C:\Users\lhu07\anaconda3\envs\big_project\Lib\site-packages\django\template\base.py", line 1000, in <listcomp>
    return SafeString("".join([node.render_annotated(context) for node in self]))
                               ^^^^^^^^^^^^^^^^^^^^^^^^^^^^^^
  File "C:\Users\lhu07\anaconda3\envs\big_project\Lib\site-packages\django\template\base.py", line 961, in render_annotated
    return self.render(context)
           ^^^^^^^^^^^^^^^^^^^^
  File "C:\Users\lhu07\anaconda3\envs\big_project\Lib\site-packages\django\template\defaulttags.py", line 479, in render
    url = reverse(view_name, args=args, kwargs=kwargs, current_app=current_app)
          ^^^^^^^^^^^^^^^^^^^^^^^^^^^^^^^^^^^^^^^^^^^^^^^^^^^^^^^^^^^^^^^^^^^^^
  File "C:\Users\lhu07\anaconda3\envs\big_project\Lib\site-packages\django\urls\base.py", line 82, in reverse
    raise NoReverseMatch("%s is not a registered namespace" % key)
django.urls.exceptions.NoReverseMatch: 'community' is not a registered namespace
Internal Server Error: /login/login/
Traceback (most recent call last):
  File "C:\Users\lhu07\anaconda3\envs\big_project\Lib\site-packages\django\urls\base.py", line 71, in reverse
    extra, resolver = resolver.namespace_dict[ns]
                      ~~~~~~~~~~~~~~~~~~~~~~~^^^^
KeyError: 'community'

During handling of the above exception, another exception occurred:

Traceback (most recent call last):
  File "C:\Users\lhu07\anaconda3\envs\big_project\Lib\site-packages\django\core\handlers\exception.py", line 55, in inner
    response = get_response(request)
               ^^^^^^^^^^^^^^^^^^^^^
  File "C:\Users\lhu07\anaconda3\envs\big_project\Lib\site-packages\django\core\handlers\base.py", line 197, in _get_response
    response = wrapped_callback(request, *callback_args, **callback_kwargs)
               ^^^^^^^^^^^^^^^^^^^^^^^^^^^^^^^^^^^^^^^^^^^^^^^^^^^^^^^^^^^^
  File "C:\Users\lhu07\anaconda3\envs\big_project\Lib\site-packages\django\views\decorators\csrf.py", line 65, in _view_wrapper
    return view_func(request, *args, **kwargs)
           ^^^^^^^^^^^^^^^^^^^^^^^^^^^^^^^^^^^
  File "E:\빅프로젝트_34조\be_predict\bigproject28\login\views.py", line 54, in login
    return render(request, 'login.html')
           ^^^^^^^^^^^^^^^^^^^^^^^^^^^^^
  File "C:\Users\lhu07\anaconda3\envs\big_project\Lib\site-packages\django\shortcuts.py", line 25, in render
    content = loader.render_to_string(template_name, context, request, using=using)
              ^^^^^^^^^^^^^^^^^^^^^^^^^^^^^^^^^^^^^^^^^^^^^^^^^^^^^^^^^^^^^^^^^^^^^
  File "C:\Users\lhu07\anaconda3\envs\big_project\Lib\site-packages\django\template\loader.py", line 62, in render_to_string
    return template.render(context, request)
           ^^^^^^^^^^^^^^^^^^^^^^^^^^^^^^^^^
  File "C:\Users\lhu07\anaconda3\envs\big_project\Lib\site-packages\django\template\backends\django.py", line 61, in render
    return self.template.render(context)
           ^^^^^^^^^^^^^^^^^^^^^^^^^^^^^
  File "C:\Users\lhu07\anaconda3\envs\big_project\Lib\site-packages\django\template\base.py", line 171, in render
    return self._render(context)
           ^^^^^^^^^^^^^^^^^^^^^
  File "C:\Users\lhu07\anaconda3\envs\big_project\Lib\site-packages\django\template\base.py", line 163, in _render
    return self.nodelist.render(context)
           ^^^^^^^^^^^^^^^^^^^^^^^^^^^^^
  File "C:\Users\lhu07\anaconda3\envs\big_project\Lib\site-packages\django\template\base.py", line 1000, in render
    return SafeString("".join([node.render_annotated(context) for node in self]))
                              ^^^^^^^^^^^^^^^^^^^^^^^^^^^^^^^^^^^^^^^^^^^^^^^^^
  File "C:\Users\lhu07\anaconda3\envs\big_project\Lib\site-packages\django\template\base.py", line 1000, in <listcomp>
    return SafeString("".join([node.render_annotated(context) for node in self]))
                               ^^^^^^^^^^^^^^^^^^^^^^^^^^^^^^
  File "C:\Users\lhu07\anaconda3\envs\big_project\Lib\site-packages\django\template\base.py", line 961, in render_annotated
    return self.render(context)
           ^^^^^^^^^^^^^^^^^^^^
  File "C:\Users\lhu07\anaconda3\envs\big_project\Lib\site-packages\django\template\defaulttags.py", line 479, in render
    url = reverse(view_name, args=args, kwargs=kwargs, current_app=current_app)
          ^^^^^^^^^^^^^^^^^^^^^^^^^^^^^^^^^^^^^^^^^^^^^^^^^^^^^^^^^^^^^^^^^^^^^
  File "C:\Users\lhu07\anaconda3\envs\big_project\Lib\site-packages\django\urls\base.py", line 82, in reverse
    raise NoReverseMatch("%s is not a registered namespace" % key)
django.urls.exceptions.NoReverseMatch: 'community' is not a registered namespace
Not Found: /prediction
Not Found: /form
Not Found: /prediction/form
Not Found: /prediction/
E:\빅프로젝트_34조\be_predict\bigproject28\prediction\urls.py changed, reloading.
Watching for file changes with StatReloader
Not Found: /prediction/result
E:\빅프로젝트_34조\be_predict\bigproject28\prediction\urls.py changed, reloading.
Watching for file changes with StatReloader
E:\빅프로젝트_34조\be_predict\bigproject28\prediction\urls.py changed, reloading.
Watching for file changes with StatReloader
Not Found: /prediction/
E:\빅프로젝트_34조\be_predict\bigproject28\prediction\urls.py changed, reloading.
Watching for file changes with StatReloader
Not Found: /prediction/
Not Found: /prediction/
E:\빅프로젝트_34조\be_predict\bigproject28\prediction\urls.py changed, reloading.
Watching for file changes with StatReloader
Starting new HTTP connection (1): www.kamis.or.kr:80
http://www.kamis.or.kr:80 "GET /service/price/xml.do?action=periodProductList&p_productclscode=02&p_startday=20230709&p_endday=20240708&p_itemcategorycode=100&p_itemcode=151&p_kindcode=&p_productrankcode=&p_countrycode=2401&p_convert_kg_yn=Y&p_cert_key=5d554929-4444-4cf8-9c58-618f30877777&p_cert_id=4540&p_returntype=xml HTTP/11" 302 140
Starting new HTTPS connection (1): www.kamis.or.kr:443
https://www.kamis.or.kr:443 "GET /service/price/xml.do?action=periodProductList&p_productclscode=02&p_startday=20230709&p_endday=20240708&p_itemcategorycode=100&p_itemcode=151&p_kindcode=&p_productrankcode=&p_countrycode=2401&p_convert_kg_yn=Y&p_cert_key=5d554929-4444-4cf8-9c58-618f30877777&p_cert_id=4540&p_returntype=xml HTTP/11" 200 None
Starting new HTTP connection (1): apis.data.go.kr:80
http://apis.data.go.kr:80 "GET /1360000/AsosDalyInfoService/getWthrDataList?serviceKey=1%2FeYLkvnjZNKzzUpbpb%2B%2FVWWmZExnS0ave8VahtkI0X3CiletYaxBgBnlvunpx8tckfsXBogJJIQJayprpZbmA%3D%3D&pageNo=1&numOfRows=365&dataType=XML&dataCd=ASOS&dateCd=DAY&startDt=20230709&endDt=20240708&stnIds=156 HTTP/11" 200 None
Starting new HTTP connection (1): www.kamis.or.kr:80
http://www.kamis.or.kr:80 "GET /service/price/xml.do?action=periodProductList&p_productclscode=02&p_startday=20230709&p_endday=20240708&p_itemcategorycode=100&p_itemcode=152&p_kindcode=&p_productrankcode=&p_countrycode=2401&p_convert_kg_yn=Y&p_cert_key=5d554929-4444-4cf8-9c58-618f30877777&p_cert_id=4540&p_returntype=xml HTTP/11" 302 140
Starting new HTTPS connection (1): www.kamis.or.kr:443
https://www.kamis.or.kr:443 "GET /service/price/xml.do?action=periodProductList&p_productclscode=02&p_startday=20230709&p_endday=20240708&p_itemcategorycode=100&p_itemcode=152&p_kindcode=&p_productrankcode=&p_countrycode=2401&p_convert_kg_yn=Y&p_cert_key=5d554929-4444-4cf8-9c58-618f30877777&p_cert_id=4540&p_returntype=xml HTTP/11" 200 None
Starting new HTTP connection (1): apis.data.go.kr:80
http://apis.data.go.kr:80 "GET /1360000/AsosDalyInfoService/getWthrDataList?serviceKey=1%2FeYLkvnjZNKzzUpbpb%2B%2FVWWmZExnS0ave8VahtkI0X3CiletYaxBgBnlvunpx8tckfsXBogJJIQJayprpZbmA%3D%3D&pageNo=1&numOfRows=365&dataType=XML&dataCd=ASOS&dateCd=DAY&startDt=20230709&endDt=20240708&stnIds=156 HTTP/11" 200 None
Internal Server Error: /prediction/
Traceback (most recent call last):
  File "C:\Users\lhu07\anaconda3\envs\big_project\Lib\site-packages\django\template\defaulttags.py", line 1034, in find_library
    return parser.libraries[name]
           ~~~~~~~~~~~~~~~~^^^^^^
KeyError: 'humanize'

During handling of the above exception, another exception occurred:

Traceback (most recent call last):
  File "C:\Users\lhu07\anaconda3\envs\big_project\Lib\site-packages\django\core\handlers\exception.py", line 55, in inner
    response = get_response(request)
               ^^^^^^^^^^^^^^^^^^^^^
  File "C:\Users\lhu07\anaconda3\envs\big_project\Lib\site-packages\django\core\handlers\base.py", line 197, in _get_response
    response = wrapped_callback(request, *callback_args, **callback_kwargs)
               ^^^^^^^^^^^^^^^^^^^^^^^^^^^^^^^^^^^^^^^^^^^^^^^^^^^^^^^^^^^^
  File "C:\Users\lhu07\anaconda3\envs\big_project\Lib\site-packages\django\contrib\auth\decorators.py", line 23, in _wrapper_view
    return view_func(request, *args, **kwargs)
           ^^^^^^^^^^^^^^^^^^^^^^^^^^^^^^^^^^^
  File "E:\빅프로젝트_34조\be_predict\bigproject28\prediction\views.py", line 228, in predict_income
    return render(request, 'result.html', {
           ^^^^^^^^^^^^^^^^^^^^^^^^^^^^^^^^
  File "C:\Users\lhu07\anaconda3\envs\big_project\Lib\site-packages\django\shortcuts.py", line 25, in render
    content = loader.render_to_string(template_name, context, request, using=using)
              ^^^^^^^^^^^^^^^^^^^^^^^^^^^^^^^^^^^^^^^^^^^^^^^^^^^^^^^^^^^^^^^^^^^^^
  File "C:\Users\lhu07\anaconda3\envs\big_project\Lib\site-packages\django\template\loader.py", line 61, in render_to_string
    template = get_template(template_name, using=using)
               ^^^^^^^^^^^^^^^^^^^^^^^^^^^^^^^^^^^^^^^^
  File "C:\Users\lhu07\anaconda3\envs\big_project\Lib\site-packages\django\template\loader.py", line 15, in get_template
    return engine.get_template(template_name)
           ^^^^^^^^^^^^^^^^^^^^^^^^^^^^^^^^^^
  File "C:\Users\lhu07\anaconda3\envs\big_project\Lib\site-packages\django\template\backends\django.py", line 33, in get_template
    return Template(self.engine.get_template(template_name), self)
                    ^^^^^^^^^^^^^^^^^^^^^^^^^^^^^^^^^^^^^^^
  File "C:\Users\lhu07\anaconda3\envs\big_project\Lib\site-packages\django\template\engine.py", line 177, in get_template
    template, origin = self.find_template(template_name)
                       ^^^^^^^^^^^^^^^^^^^^^^^^^^^^^^^^^
  File "C:\Users\lhu07\anaconda3\envs\big_project\Lib\site-packages\django\template\engine.py", line 159, in find_template
    template = loader.get_template(name, skip=skip)
               ^^^^^^^^^^^^^^^^^^^^^^^^^^^^^^^^^^^^
  File "C:\Users\lhu07\anaconda3\envs\big_project\Lib\site-packages\django\template\loaders\cached.py", line 57, in get_template
    template = super().get_template(template_name, skip)
               ^^^^^^^^^^^^^^^^^^^^^^^^^^^^^^^^^^^^^^^^^
  File "C:\Users\lhu07\anaconda3\envs\big_project\Lib\site-packages\django\template\loaders\base.py", line 28, in get_template
    return Template(
           ^^^^^^^^^
  File "C:\Users\lhu07\anaconda3\envs\big_project\Lib\site-packages\django\template\base.py", line 154, in __init__
    self.nodelist = self.compile_nodelist()
                    ^^^^^^^^^^^^^^^^^^^^^^^
  File "C:\Users\lhu07\anaconda3\envs\big_project\Lib\site-packages\django\template\base.py", line 196, in compile_nodelist
    return parser.parse()
           ^^^^^^^^^^^^^^
  File "C:\Users\lhu07\anaconda3\envs\big_project\Lib\site-packages\django\template\base.py", line 510, in parse
    raise self.error(token, e)
  File "C:\Users\lhu07\anaconda3\envs\big_project\Lib\site-packages\django\template\base.py", line 508, in parse
    compiled_result = compile_func(self, token)
                      ^^^^^^^^^^^^^^^^^^^^^^^^^
  File "C:\Users\lhu07\anaconda3\envs\big_project\Lib\site-packages\django\template\defaulttags.py", line 1096, in load
    lib = find_library(parser, name)
          ^^^^^^^^^^^^^^^^^^^^^^^^^^
  File "C:\Users\lhu07\anaconda3\envs\big_project\Lib\site-packages\django\template\defaulttags.py", line 1036, in find_library
    raise TemplateSyntaxError(
django.template.exceptions.TemplateSyntaxError: 'humanize' is not a registered tag library. Must be one of:
admin_list
admin_modify
admin_urls
cache
i18n
l10n
log
rest_framework
static
tz
Starting new HTTP connection (1): www.kamis.or.kr:80
http://www.kamis.or.kr:80 "GET /service/price/xml.do?action=periodProductList&p_productclscode=02&p_startday=20230709&p_endday=20240708&p_itemcategorycode=100&p_itemcode=151&p_kindcode=&p_productrankcode=&p_countrycode=2401&p_convert_kg_yn=Y&p_cert_key=5d554929-4444-4cf8-9c58-618f30877777&p_cert_id=4540&p_returntype=xml HTTP/11" 302 140
Starting new HTTPS connection (1): www.kamis.or.kr:443
https://www.kamis.or.kr:443 "GET /service/price/xml.do?action=periodProductList&p_productclscode=02&p_startday=20230709&p_endday=20240708&p_itemcategorycode=100&p_itemcode=151&p_kindcode=&p_productrankcode=&p_countrycode=2401&p_convert_kg_yn=Y&p_cert_key=5d554929-4444-4cf8-9c58-618f30877777&p_cert_id=4540&p_returntype=xml HTTP/11" 200 None
Starting new HTTP connection (1): apis.data.go.kr:80
http://apis.data.go.kr:80 "GET /1360000/AsosDalyInfoService/getWthrDataList?serviceKey=1%2FeYLkvnjZNKzzUpbpb%2B%2FVWWmZExnS0ave8VahtkI0X3CiletYaxBgBnlvunpx8tckfsXBogJJIQJayprpZbmA%3D%3D&pageNo=1&numOfRows=365&dataType=XML&dataCd=ASOS&dateCd=DAY&startDt=20230709&endDt=20240708&stnIds=156 HTTP/11" 200 None
Starting new HTTP connection (1): www.kamis.or.kr:80
http://www.kamis.or.kr:80 "GET /service/price/xml.do?action=periodProductList&p_productclscode=02&p_startday=20230709&p_endday=20240708&p_itemcategorycode=100&p_itemcode=152&p_kindcode=&p_productrankcode=&p_countrycode=2401&p_convert_kg_yn=Y&p_cert_key=5d554929-4444-4cf8-9c58-618f30877777&p_cert_id=4540&p_returntype=xml HTTP/11" 302 140
Starting new HTTPS connection (1): www.kamis.or.kr:443
https://www.kamis.or.kr:443 "GET /service/price/xml.do?action=periodProductList&p_productclscode=02&p_startday=20230709&p_endday=20240708&p_itemcategorycode=100&p_itemcode=152&p_kindcode=&p_productrankcode=&p_countrycode=2401&p_convert_kg_yn=Y&p_cert_key=5d554929-4444-4cf8-9c58-618f30877777&p_cert_id=4540&p_returntype=xml HTTP/11" 200 None
Starting new HTTP connection (1): apis.data.go.kr:80
http://apis.data.go.kr:80 "GET /1360000/AsosDalyInfoService/getWthrDataList?serviceKey=1%2FeYLkvnjZNKzzUpbpb%2B%2FVWWmZExnS0ave8VahtkI0X3CiletYaxBgBnlvunpx8tckfsXBogJJIQJayprpZbmA%3D%3D&pageNo=1&numOfRows=365&dataType=XML&dataCd=ASOS&dateCd=DAY&startDt=20230709&endDt=20240708&stnIds=156 HTTP/11" 200 None
Internal Server Error: /prediction/
Traceback (most recent call last):
  File "C:\Users\lhu07\anaconda3\envs\big_project\Lib\site-packages\django\template\defaulttags.py", line 1034, in find_library
    return parser.libraries[name]
           ~~~~~~~~~~~~~~~~^^^^^^
KeyError: 'humanize'

During handling of the above exception, another exception occurred:

Traceback (most recent call last):
  File "C:\Users\lhu07\anaconda3\envs\big_project\Lib\site-packages\django\core\handlers\exception.py", line 55, in inner
    response = get_response(request)
               ^^^^^^^^^^^^^^^^^^^^^
  File "C:\Users\lhu07\anaconda3\envs\big_project\Lib\site-packages\django\core\handlers\base.py", line 197, in _get_response
    response = wrapped_callback(request, *callback_args, **callback_kwargs)
               ^^^^^^^^^^^^^^^^^^^^^^^^^^^^^^^^^^^^^^^^^^^^^^^^^^^^^^^^^^^^
  File "C:\Users\lhu07\anaconda3\envs\big_project\Lib\site-packages\django\contrib\auth\decorators.py", line 23, in _wrapper_view
    return view_func(request, *args, **kwargs)
           ^^^^^^^^^^^^^^^^^^^^^^^^^^^^^^^^^^^
  File "E:\빅프로젝트_34조\be_predict\bigproject28\prediction\views.py", line 228, in predict_income
    return render(request, 'result.html', {
           ^^^^^^^^^^^^^^^^^^^^^^^^^^^^^^^^
  File "C:\Users\lhu07\anaconda3\envs\big_project\Lib\site-packages\django\shortcuts.py", line 25, in render
    content = loader.render_to_string(template_name, context, request, using=using)
              ^^^^^^^^^^^^^^^^^^^^^^^^^^^^^^^^^^^^^^^^^^^^^^^^^^^^^^^^^^^^^^^^^^^^^
  File "C:\Users\lhu07\anaconda3\envs\big_project\Lib\site-packages\django\template\loader.py", line 61, in render_to_string
    template = get_template(template_name, using=using)
               ^^^^^^^^^^^^^^^^^^^^^^^^^^^^^^^^^^^^^^^^
  File "C:\Users\lhu07\anaconda3\envs\big_project\Lib\site-packages\django\template\loader.py", line 15, in get_template
    return engine.get_template(template_name)
           ^^^^^^^^^^^^^^^^^^^^^^^^^^^^^^^^^^
  File "C:\Users\lhu07\anaconda3\envs\big_project\Lib\site-packages\django\template\backends\django.py", line 33, in get_template
    return Template(self.engine.get_template(template_name), self)
                    ^^^^^^^^^^^^^^^^^^^^^^^^^^^^^^^^^^^^^^^
  File "C:\Users\lhu07\anaconda3\envs\big_project\Lib\site-packages\django\template\engine.py", line 177, in get_template
    template, origin = self.find_template(template_name)
                       ^^^^^^^^^^^^^^^^^^^^^^^^^^^^^^^^^
  File "C:\Users\lhu07\anaconda3\envs\big_project\Lib\site-packages\django\template\engine.py", line 159, in find_template
    template = loader.get_template(name, skip=skip)
               ^^^^^^^^^^^^^^^^^^^^^^^^^^^^^^^^^^^^
  File "C:\Users\lhu07\anaconda3\envs\big_project\Lib\site-packages\django\template\loaders\cached.py", line 57, in get_template
    template = super().get_template(template_name, skip)
               ^^^^^^^^^^^^^^^^^^^^^^^^^^^^^^^^^^^^^^^^^
  File "C:\Users\lhu07\anaconda3\envs\big_project\Lib\site-packages\django\template\loaders\base.py", line 28, in get_template
    return Template(
           ^^^^^^^^^
  File "C:\Users\lhu07\anaconda3\envs\big_project\Lib\site-packages\django\template\base.py", line 154, in __init__
    self.nodelist = self.compile_nodelist()
                    ^^^^^^^^^^^^^^^^^^^^^^^
  File "C:\Users\lhu07\anaconda3\envs\big_project\Lib\site-packages\django\template\base.py", line 196, in compile_nodelist
    return parser.parse()
           ^^^^^^^^^^^^^^
  File "C:\Users\lhu07\anaconda3\envs\big_project\Lib\site-packages\django\template\base.py", line 510, in parse
    raise self.error(token, e)
  File "C:\Users\lhu07\anaconda3\envs\big_project\Lib\site-packages\django\template\base.py", line 508, in parse
    compiled_result = compile_func(self, token)
                      ^^^^^^^^^^^^^^^^^^^^^^^^^
  File "C:\Users\lhu07\anaconda3\envs\big_project\Lib\site-packages\django\template\defaulttags.py", line 1096, in load
    lib = find_library(parser, name)
          ^^^^^^^^^^^^^^^^^^^^^^^^^^
  File "C:\Users\lhu07\anaconda3\envs\big_project\Lib\site-packages\django\template\defaulttags.py", line 1036, in find_library
    raise TemplateSyntaxError(
django.template.exceptions.TemplateSyntaxError: 'humanize' is not a registered tag library. Must be one of:
admin_list
admin_modify
admin_urls
cache
i18n
l10n
log
rest_framework
static
tz
Starting new HTTP connection (1): www.kamis.or.kr:80
http://www.kamis.or.kr:80 "GET /service/price/xml.do?action=periodProductList&p_productclscode=02&p_startday=20230709&p_endday=20240708&p_itemcategorycode=100&p_itemcode=151&p_kindcode=&p_productrankcode=&p_countrycode=2401&p_convert_kg_yn=Y&p_cert_key=5d554929-4444-4cf8-9c58-618f30877777&p_cert_id=4540&p_returntype=xml HTTP/11" 302 140
Starting new HTTPS connection (1): www.kamis.or.kr:443
https://www.kamis.or.kr:443 "GET /service/price/xml.do?action=periodProductList&p_productclscode=02&p_startday=20230709&p_endday=20240708&p_itemcategorycode=100&p_itemcode=151&p_kindcode=&p_productrankcode=&p_countrycode=2401&p_convert_kg_yn=Y&p_cert_key=5d554929-4444-4cf8-9c58-618f30877777&p_cert_id=4540&p_returntype=xml HTTP/11" 200 None
Starting new HTTP connection (1): apis.data.go.kr:80
http://apis.data.go.kr:80 "GET /1360000/AsosDalyInfoService/getWthrDataList?serviceKey=1%2FeYLkvnjZNKzzUpbpb%2B%2FVWWmZExnS0ave8VahtkI0X3CiletYaxBgBnlvunpx8tckfsXBogJJIQJayprpZbmA%3D%3D&pageNo=1&numOfRows=365&dataType=XML&dataCd=ASOS&dateCd=DAY&startDt=20230709&endDt=20240708&stnIds=156 HTTP/11" 200 None
Starting new HTTP connection (1): www.kamis.or.kr:80
http://www.kamis.or.kr:80 "GET /service/price/xml.do?action=periodProductList&p_productclscode=02&p_startday=20230709&p_endday=20240708&p_itemcategorycode=100&p_itemcode=152&p_kindcode=&p_productrankcode=&p_countrycode=2401&p_convert_kg_yn=Y&p_cert_key=5d554929-4444-4cf8-9c58-618f30877777&p_cert_id=4540&p_returntype=xml HTTP/11" 302 140
Starting new HTTPS connection (1): www.kamis.or.kr:443
https://www.kamis.or.kr:443 "GET /service/price/xml.do?action=periodProductList&p_productclscode=02&p_startday=20230709&p_endday=20240708&p_itemcategorycode=100&p_itemcode=152&p_kindcode=&p_productrankcode=&p_countrycode=2401&p_convert_kg_yn=Y&p_cert_key=5d554929-4444-4cf8-9c58-618f30877777&p_cert_id=4540&p_returntype=xml HTTP/11" 200 None
Starting new HTTP connection (1): apis.data.go.kr:80
http://apis.data.go.kr:80 "GET /1360000/AsosDalyInfoService/getWthrDataList?serviceKey=1%2FeYLkvnjZNKzzUpbpb%2B%2FVWWmZExnS0ave8VahtkI0X3CiletYaxBgBnlvunpx8tckfsXBogJJIQJayprpZbmA%3D%3D&pageNo=1&numOfRows=365&dataType=XML&dataCd=ASOS&dateCd=DAY&startDt=20230709&endDt=20240708&stnIds=156 HTTP/11" 200 None
Internal Server Error: /prediction/
Traceback (most recent call last):
  File "C:\Users\lhu07\anaconda3\envs\big_project\Lib\site-packages\django\template\defaulttags.py", line 1034, in find_library
    return parser.libraries[name]
           ~~~~~~~~~~~~~~~~^^^^^^
KeyError: 'humanize'

During handling of the above exception, another exception occurred:

Traceback (most recent call last):
  File "C:\Users\lhu07\anaconda3\envs\big_project\Lib\site-packages\django\core\handlers\exception.py", line 55, in inner
    response = get_response(request)
               ^^^^^^^^^^^^^^^^^^^^^
  File "C:\Users\lhu07\anaconda3\envs\big_project\Lib\site-packages\django\core\handlers\base.py", line 197, in _get_response
    response = wrapped_callback(request, *callback_args, **callback_kwargs)
               ^^^^^^^^^^^^^^^^^^^^^^^^^^^^^^^^^^^^^^^^^^^^^^^^^^^^^^^^^^^^
  File "C:\Users\lhu07\anaconda3\envs\big_project\Lib\site-packages\django\contrib\auth\decorators.py", line 23, in _wrapper_view
    return view_func(request, *args, **kwargs)
           ^^^^^^^^^^^^^^^^^^^^^^^^^^^^^^^^^^^
  File "E:\빅프로젝트_34조\be_predict\bigproject28\prediction\views.py", line 228, in predict_income
    return render(request, 'result.html', {
           ^^^^^^^^^^^^^^^^^^^^^^^^^^^^^^^^
  File "C:\Users\lhu07\anaconda3\envs\big_project\Lib\site-packages\django\shortcuts.py", line 25, in render
    content = loader.render_to_string(template_name, context, request, using=using)
              ^^^^^^^^^^^^^^^^^^^^^^^^^^^^^^^^^^^^^^^^^^^^^^^^^^^^^^^^^^^^^^^^^^^^^
  File "C:\Users\lhu07\anaconda3\envs\big_project\Lib\site-packages\django\template\loader.py", line 61, in render_to_string
    template = get_template(template_name, using=using)
               ^^^^^^^^^^^^^^^^^^^^^^^^^^^^^^^^^^^^^^^^
  File "C:\Users\lhu07\anaconda3\envs\big_project\Lib\site-packages\django\template\loader.py", line 15, in get_template
    return engine.get_template(template_name)
           ^^^^^^^^^^^^^^^^^^^^^^^^^^^^^^^^^^
  File "C:\Users\lhu07\anaconda3\envs\big_project\Lib\site-packages\django\template\backends\django.py", line 33, in get_template
    return Template(self.engine.get_template(template_name), self)
                    ^^^^^^^^^^^^^^^^^^^^^^^^^^^^^^^^^^^^^^^
  File "C:\Users\lhu07\anaconda3\envs\big_project\Lib\site-packages\django\template\engine.py", line 177, in get_template
    template, origin = self.find_template(template_name)
                       ^^^^^^^^^^^^^^^^^^^^^^^^^^^^^^^^^
  File "C:\Users\lhu07\anaconda3\envs\big_project\Lib\site-packages\django\template\engine.py", line 159, in find_template
    template = loader.get_template(name, skip=skip)
               ^^^^^^^^^^^^^^^^^^^^^^^^^^^^^^^^^^^^
  File "C:\Users\lhu07\anaconda3\envs\big_project\Lib\site-packages\django\template\loaders\cached.py", line 57, in get_template
    template = super().get_template(template_name, skip)
               ^^^^^^^^^^^^^^^^^^^^^^^^^^^^^^^^^^^^^^^^^
  File "C:\Users\lhu07\anaconda3\envs\big_project\Lib\site-packages\django\template\loaders\base.py", line 28, in get_template
    return Template(
           ^^^^^^^^^
  File "C:\Users\lhu07\anaconda3\envs\big_project\Lib\site-packages\django\template\base.py", line 154, in __init__
    self.nodelist = self.compile_nodelist()
                    ^^^^^^^^^^^^^^^^^^^^^^^
  File "C:\Users\lhu07\anaconda3\envs\big_project\Lib\site-packages\django\template\base.py", line 196, in compile_nodelist
    return parser.parse()
           ^^^^^^^^^^^^^^
  File "C:\Users\lhu07\anaconda3\envs\big_project\Lib\site-packages\django\template\base.py", line 510, in parse
    raise self.error(token, e)
  File "C:\Users\lhu07\anaconda3\envs\big_project\Lib\site-packages\django\template\base.py", line 508, in parse
    compiled_result = compile_func(self, token)
                      ^^^^^^^^^^^^^^^^^^^^^^^^^
  File "C:\Users\lhu07\anaconda3\envs\big_project\Lib\site-packages\django\template\defaulttags.py", line 1096, in load
    lib = find_library(parser, name)
          ^^^^^^^^^^^^^^^^^^^^^^^^^^
  File "C:\Users\lhu07\anaconda3\envs\big_project\Lib\site-packages\django\template\defaulttags.py", line 1036, in find_library
    raise TemplateSyntaxError(
django.template.exceptions.TemplateSyntaxError: 'humanize' is not a registered tag library. Must be one of:
admin_list
admin_modify
admin_urls
cache
i18n
l10n
log
rest_framework
static
tz
E:\빅프로젝트_34조\be_predict\bigproject28\aivle_big\settings.py changed, reloading.
Watching for file changes with StatReloader
Starting new HTTP connection (1): www.kamis.or.kr:80
http://www.kamis.or.kr:80 "GET /service/price/xml.do?action=periodProductList&p_productclscode=02&p_startday=20230709&p_endday=20240708&p_itemcategorycode=100&p_itemcode=151&p_kindcode=&p_productrankcode=&p_countrycode=2401&p_convert_kg_yn=Y&p_cert_key=5d554929-4444-4cf8-9c58-618f30877777&p_cert_id=4540&p_returntype=xml HTTP/11" 302 140
Starting new HTTPS connection (1): www.kamis.or.kr:443
https://www.kamis.or.kr:443 "GET /service/price/xml.do?action=periodProductList&p_productclscode=02&p_startday=20230709&p_endday=20240708&p_itemcategorycode=100&p_itemcode=151&p_kindcode=&p_productrankcode=&p_countrycode=2401&p_convert_kg_yn=Y&p_cert_key=5d554929-4444-4cf8-9c58-618f30877777&p_cert_id=4540&p_returntype=xml HTTP/11" 200 None
Starting new HTTP connection (1): apis.data.go.kr:80
http://apis.data.go.kr:80 "GET /1360000/AsosDalyInfoService/getWthrDataList?serviceKey=1%2FeYLkvnjZNKzzUpbpb%2B%2FVWWmZExnS0ave8VahtkI0X3CiletYaxBgBnlvunpx8tckfsXBogJJIQJayprpZbmA%3D%3D&pageNo=1&numOfRows=365&dataType=XML&dataCd=ASOS&dateCd=DAY&startDt=20230709&endDt=20240708&stnIds=156 HTTP/11" 200 None
Starting new HTTP connection (1): www.kamis.or.kr:80
http://www.kamis.or.kr:80 "GET /service/price/xml.do?action=periodProductList&p_productclscode=02&p_startday=20230709&p_endday=20240708&p_itemcategorycode=100&p_itemcode=152&p_kindcode=&p_productrankcode=&p_countrycode=2401&p_convert_kg_yn=Y&p_cert_key=5d554929-4444-4cf8-9c58-618f30877777&p_cert_id=4540&p_returntype=xml HTTP/11" 302 140
Starting new HTTPS connection (1): www.kamis.or.kr:443
https://www.kamis.or.kr:443 "GET /service/price/xml.do?action=periodProductList&p_productclscode=02&p_startday=20230709&p_endday=20240708&p_itemcategorycode=100&p_itemcode=152&p_kindcode=&p_productrankcode=&p_countrycode=2401&p_convert_kg_yn=Y&p_cert_key=5d554929-4444-4cf8-9c58-618f30877777&p_cert_id=4540&p_returntype=xml HTTP/11" 200 None
Starting new HTTP connection (1): apis.data.go.kr:80
http://apis.data.go.kr:80 "GET /1360000/AsosDalyInfoService/getWthrDataList?serviceKey=1%2FeYLkvnjZNKzzUpbpb%2B%2FVWWmZExnS0ave8VahtkI0X3CiletYaxBgBnlvunpx8tckfsXBogJJIQJayprpZbmA%3D%3D&pageNo=1&numOfRows=365&dataType=XML&dataCd=ASOS&dateCd=DAY&startDt=20230709&endDt=20240708&stnIds=156 HTTP/11" 200 None
Internal Server Error: /prediction/
Traceback (most recent call last):
  File "C:\Users\lhu07\anaconda3\envs\big_project\Lib\site-packages\django\core\handlers\exception.py", line 55, in inner
    response = get_response(request)
               ^^^^^^^^^^^^^^^^^^^^^
  File "C:\Users\lhu07\anaconda3\envs\big_project\Lib\site-packages\django\utils\deprecation.py", line 136, in __call__
    response = self.process_response(request, response)
               ^^^^^^^^^^^^^^^^^^^^^^^^^^^^^^^^^^^^^^^^
  File "C:\Users\lhu07\anaconda3\envs\big_project\Lib\site-packages\django\contrib\sessions\middleware.py", line 59, in process_response
    request.session.save()
  File "C:\Users\lhu07\anaconda3\envs\big_project\Lib\site-packages\django\contrib\sessions\backends\db.py", line 82, in save
    obj = self.create_model_instance(data)
          ^^^^^^^^^^^^^^^^^^^^^^^^^^^^^^^^
  File "C:\Users\lhu07\anaconda3\envs\big_project\Lib\site-packages\django\contrib\sessions\backends\db.py", line 69, in create_model_instance
    session_data=self.encode(data),
                 ^^^^^^^^^^^^^^^^^
  File "C:\Users\lhu07\anaconda3\envs\big_project\Lib\site-packages\django\contrib\sessions\backends\base.py", line 94, in encode
    return signing.dumps(
           ^^^^^^^^^^^^^^
  File "C:\Users\lhu07\anaconda3\envs\big_project\Lib\site-packages\django\core\signing.py", line 152, in dumps
    return TimestampSigner(key=key, salt=salt).sign_object(
           ^^^^^^^^^^^^^^^^^^^^^^^^^^^^^^^^^^^^^^^^^^^^^^^^
  File "C:\Users\lhu07\anaconda3\envs\big_project\Lib\site-packages\django\core\signing.py", line 250, in sign_object
    data = serializer().dumps(obj)
           ^^^^^^^^^^^^^^^^^^^^^^^
  File "C:\Users\lhu07\anaconda3\envs\big_project\Lib\site-packages\django\core\signing.py", line 127, in dumps
    return json.dumps(obj, separators=(",", ":")).encode("latin-1")
           ^^^^^^^^^^^^^^^^^^^^^^^^^^^^^^^^^^^^^^
  File "C:\Users\lhu07\anaconda3\envs\big_project\Lib\json\__init__.py", line 238, in dumps
    **kw).encode(obj)
          ^^^^^^^^^^^
  File "C:\Users\lhu07\anaconda3\envs\big_project\Lib\json\encoder.py", line 200, in encode
    chunks = self.iterencode(o, _one_shot=True)
             ^^^^^^^^^^^^^^^^^^^^^^^^^^^^^^^^^^
  File "C:\Users\lhu07\anaconda3\envs\big_project\Lib\json\encoder.py", line 258, in iterencode
    return _iterencode(o, 0)
           ^^^^^^^^^^^^^^^^^
  File "C:\Users\lhu07\anaconda3\envs\big_project\Lib\json\encoder.py", line 180, in default
    raise TypeError(f'Object of type {o.__class__.__name__} '
TypeError: Object of type int64 is not JSON serializable
E:\빅프로젝트_34조\be_predict\bigproject28\prediction\views.py changed, reloading.
Watching for file changes with StatReloader
Starting new HTTP connection (1): www.kamis.or.kr:80
http://www.kamis.or.kr:80 "GET /service/price/xml.do?action=periodProductList&p_productclscode=02&p_startday=20230709&p_endday=20240708&p_itemcategorycode=100&p_itemcode=151&p_kindcode=&p_productrankcode=&p_countrycode=2401&p_convert_kg_yn=Y&p_cert_key=5d554929-4444-4cf8-9c58-618f30877777&p_cert_id=4540&p_returntype=xml HTTP/11" 302 140
Starting new HTTPS connection (1): www.kamis.or.kr:443
https://www.kamis.or.kr:443 "GET /service/price/xml.do?action=periodProductList&p_productclscode=02&p_startday=20230709&p_endday=20240708&p_itemcategorycode=100&p_itemcode=151&p_kindcode=&p_productrankcode=&p_countrycode=2401&p_convert_kg_yn=Y&p_cert_key=5d554929-4444-4cf8-9c58-618f30877777&p_cert_id=4540&p_returntype=xml HTTP/11" 200 None
Starting new HTTP connection (1): apis.data.go.kr:80
http://apis.data.go.kr:80 "GET /1360000/AsosDalyInfoService/getWthrDataList?serviceKey=1%2FeYLkvnjZNKzzUpbpb%2B%2FVWWmZExnS0ave8VahtkI0X3CiletYaxBgBnlvunpx8tckfsXBogJJIQJayprpZbmA%3D%3D&pageNo=1&numOfRows=365&dataType=XML&dataCd=ASOS&dateCd=DAY&startDt=20230709&endDt=20240708&stnIds=156 HTTP/11" 200 None
Starting new HTTP connection (1): www.kamis.or.kr:80
http://www.kamis.or.kr:80 "GET /service/price/xml.do?action=periodProductList&p_productclscode=02&p_startday=20230709&p_endday=20240708&p_itemcategorycode=100&p_itemcode=152&p_kindcode=&p_productrankcode=&p_countrycode=2401&p_convert_kg_yn=Y&p_cert_key=5d554929-4444-4cf8-9c58-618f30877777&p_cert_id=4540&p_returntype=xml HTTP/11" 302 140
Starting new HTTPS connection (1): www.kamis.or.kr:443
https://www.kamis.or.kr:443 "GET /service/price/xml.do?action=periodProductList&p_productclscode=02&p_startday=20230709&p_endday=20240708&p_itemcategorycode=100&p_itemcode=152&p_kindcode=&p_productrankcode=&p_countrycode=2401&p_convert_kg_yn=Y&p_cert_key=5d554929-4444-4cf8-9c58-618f30877777&p_cert_id=4540&p_returntype=xml HTTP/11" 200 None
Starting new HTTP connection (1): apis.data.go.kr:80
http://apis.data.go.kr:80 "GET /1360000/AsosDalyInfoService/getWthrDataList?serviceKey=1%2FeYLkvnjZNKzzUpbpb%2B%2FVWWmZExnS0ave8VahtkI0X3CiletYaxBgBnlvunpx8tckfsXBogJJIQJayprpZbmA%3D%3D&pageNo=1&numOfRows=365&dataType=XML&dataCd=ASOS&dateCd=DAY&startDt=20230709&endDt=20240708&stnIds=156 HTTP/11" 200 None
Internal Server Error: /prediction/
Traceback (most recent call last):
  File "C:\Users\lhu07\anaconda3\envs\big_project\Lib\site-packages\django\core\handlers\exception.py", line 55, in inner
    response = get_response(request)
               ^^^^^^^^^^^^^^^^^^^^^
  File "C:\Users\lhu07\anaconda3\envs\big_project\Lib\site-packages\django\utils\deprecation.py", line 136, in __call__
    response = self.process_response(request, response)
               ^^^^^^^^^^^^^^^^^^^^^^^^^^^^^^^^^^^^^^^^
  File "C:\Users\lhu07\anaconda3\envs\big_project\Lib\site-packages\django\contrib\sessions\middleware.py", line 59, in process_response
    request.session.save()
  File "C:\Users\lhu07\anaconda3\envs\big_project\Lib\site-packages\django\contrib\sessions\backends\db.py", line 82, in save
    obj = self.create_model_instance(data)
          ^^^^^^^^^^^^^^^^^^^^^^^^^^^^^^^^
  File "C:\Users\lhu07\anaconda3\envs\big_project\Lib\site-packages\django\contrib\sessions\backends\db.py", line 69, in create_model_instance
    session_data=self.encode(data),
                 ^^^^^^^^^^^^^^^^^
  File "C:\Users\lhu07\anaconda3\envs\big_project\Lib\site-packages\django\contrib\sessions\backends\base.py", line 94, in encode
    return signing.dumps(
           ^^^^^^^^^^^^^^
  File "C:\Users\lhu07\anaconda3\envs\big_project\Lib\site-packages\django\core\signing.py", line 152, in dumps
    return TimestampSigner(key=key, salt=salt).sign_object(
           ^^^^^^^^^^^^^^^^^^^^^^^^^^^^^^^^^^^^^^^^^^^^^^^^
  File "C:\Users\lhu07\anaconda3\envs\big_project\Lib\site-packages\django\core\signing.py", line 250, in sign_object
    data = serializer().dumps(obj)
           ^^^^^^^^^^^^^^^^^^^^^^^
  File "C:\Users\lhu07\anaconda3\envs\big_project\Lib\site-packages\django\core\signing.py", line 127, in dumps
    return json.dumps(obj, separators=(",", ":")).encode("latin-1")
           ^^^^^^^^^^^^^^^^^^^^^^^^^^^^^^^^^^^^^^
  File "C:\Users\lhu07\anaconda3\envs\big_project\Lib\json\__init__.py", line 238, in dumps
    **kw).encode(obj)
          ^^^^^^^^^^^
  File "C:\Users\lhu07\anaconda3\envs\big_project\Lib\json\encoder.py", line 200, in encode
    chunks = self.iterencode(o, _one_shot=True)
             ^^^^^^^^^^^^^^^^^^^^^^^^^^^^^^^^^^
  File "C:\Users\lhu07\anaconda3\envs\big_project\Lib\json\encoder.py", line 258, in iterencode
    return _iterencode(o, 0)
           ^^^^^^^^^^^^^^^^^
  File "C:\Users\lhu07\anaconda3\envs\big_project\Lib\json\encoder.py", line 180, in default
    raise TypeError(f'Object of type {o.__class__.__name__} '
TypeError: Object of type int64 is not JSON serializable
Starting new HTTP connection (1): www.kamis.or.kr:80
http://www.kamis.or.kr:80 "GET /service/price/xml.do?action=periodProductList&p_productclscode=02&p_startday=20230709&p_endday=20240708&p_itemcategorycode=100&p_itemcode=151&p_kindcode=&p_productrankcode=&p_countrycode=2401&p_convert_kg_yn=Y&p_cert_key=5d554929-4444-4cf8-9c58-618f30877777&p_cert_id=4540&p_returntype=xml HTTP/11" 302 140
Starting new HTTPS connection (1): www.kamis.or.kr:443
https://www.kamis.or.kr:443 "GET /service/price/xml.do?action=periodProductList&p_productclscode=02&p_startday=20230709&p_endday=20240708&p_itemcategorycode=100&p_itemcode=151&p_kindcode=&p_productrankcode=&p_countrycode=2401&p_convert_kg_yn=Y&p_cert_key=5d554929-4444-4cf8-9c58-618f30877777&p_cert_id=4540&p_returntype=xml HTTP/11" 200 None
Starting new HTTP connection (1): apis.data.go.kr:80
http://apis.data.go.kr:80 "GET /1360000/AsosDalyInfoService/getWthrDataList?serviceKey=1%2FeYLkvnjZNKzzUpbpb%2B%2FVWWmZExnS0ave8VahtkI0X3CiletYaxBgBnlvunpx8tckfsXBogJJIQJayprpZbmA%3D%3D&pageNo=1&numOfRows=365&dataType=XML&dataCd=ASOS&dateCd=DAY&startDt=20230709&endDt=20240708&stnIds=156 HTTP/11" 200 None
Starting new HTTP connection (1): www.kamis.or.kr:80
http://www.kamis.or.kr:80 "GET /service/price/xml.do?action=periodProductList&p_productclscode=02&p_startday=20230709&p_endday=20240708&p_itemcategorycode=100&p_itemcode=152&p_kindcode=&p_productrankcode=&p_countrycode=2401&p_convert_kg_yn=Y&p_cert_key=5d554929-4444-4cf8-9c58-618f30877777&p_cert_id=4540&p_returntype=xml HTTP/11" 302 140
Starting new HTTPS connection (1): www.kamis.or.kr:443
https://www.kamis.or.kr:443 "GET /service/price/xml.do?action=periodProductList&p_productclscode=02&p_startday=20230709&p_endday=20240708&p_itemcategorycode=100&p_itemcode=152&p_kindcode=&p_productrankcode=&p_countrycode=2401&p_convert_kg_yn=Y&p_cert_key=5d554929-4444-4cf8-9c58-618f30877777&p_cert_id=4540&p_returntype=xml HTTP/11" 200 None
Starting new HTTP connection (1): apis.data.go.kr:80
http://apis.data.go.kr:80 "GET /1360000/AsosDalyInfoService/getWthrDataList?serviceKey=1%2FeYLkvnjZNKzzUpbpb%2B%2FVWWmZExnS0ave8VahtkI0X3CiletYaxBgBnlvunpx8tckfsXBogJJIQJayprpZbmA%3D%3D&pageNo=1&numOfRows=365&dataType=XML&dataCd=ASOS&dateCd=DAY&startDt=20230709&endDt=20240708&stnIds=156 HTTP/11" 200 None
Internal Server Error: /prediction/
Traceback (most recent call last):
  File "C:\Users\lhu07\anaconda3\envs\big_project\Lib\site-packages\django\core\handlers\exception.py", line 55, in inner
    response = get_response(request)
               ^^^^^^^^^^^^^^^^^^^^^
  File "C:\Users\lhu07\anaconda3\envs\big_project\Lib\site-packages\django\utils\deprecation.py", line 136, in __call__
    response = self.process_response(request, response)
               ^^^^^^^^^^^^^^^^^^^^^^^^^^^^^^^^^^^^^^^^
  File "C:\Users\lhu07\anaconda3\envs\big_project\Lib\site-packages\django\contrib\sessions\middleware.py", line 59, in process_response
    request.session.save()
  File "C:\Users\lhu07\anaconda3\envs\big_project\Lib\site-packages\django\contrib\sessions\backends\db.py", line 82, in save
    obj = self.create_model_instance(data)
          ^^^^^^^^^^^^^^^^^^^^^^^^^^^^^^^^
  File "C:\Users\lhu07\anaconda3\envs\big_project\Lib\site-packages\django\contrib\sessions\backends\db.py", line 69, in create_model_instance
    session_data=self.encode(data),
                 ^^^^^^^^^^^^^^^^^
  File "C:\Users\lhu07\anaconda3\envs\big_project\Lib\site-packages\django\contrib\sessions\backends\base.py", line 94, in encode
    return signing.dumps(
           ^^^^^^^^^^^^^^
  File "C:\Users\lhu07\anaconda3\envs\big_project\Lib\site-packages\django\core\signing.py", line 152, in dumps
    return TimestampSigner(key=key, salt=salt).sign_object(
           ^^^^^^^^^^^^^^^^^^^^^^^^^^^^^^^^^^^^^^^^^^^^^^^^
  File "C:\Users\lhu07\anaconda3\envs\big_project\Lib\site-packages\django\core\signing.py", line 250, in sign_object
    data = serializer().dumps(obj)
           ^^^^^^^^^^^^^^^^^^^^^^^
  File "C:\Users\lhu07\anaconda3\envs\big_project\Lib\site-packages\django\core\signing.py", line 127, in dumps
    return json.dumps(obj, separators=(",", ":")).encode("latin-1")
           ^^^^^^^^^^^^^^^^^^^^^^^^^^^^^^^^^^^^^^
  File "C:\Users\lhu07\anaconda3\envs\big_project\Lib\json\__init__.py", line 238, in dumps
    **kw).encode(obj)
          ^^^^^^^^^^^
  File "C:\Users\lhu07\anaconda3\envs\big_project\Lib\json\encoder.py", line 200, in encode
    chunks = self.iterencode(o, _one_shot=True)
             ^^^^^^^^^^^^^^^^^^^^^^^^^^^^^^^^^^
  File "C:\Users\lhu07\anaconda3\envs\big_project\Lib\json\encoder.py", line 258, in iterencode
    return _iterencode(o, 0)
           ^^^^^^^^^^^^^^^^^
  File "C:\Users\lhu07\anaconda3\envs\big_project\Lib\json\encoder.py", line 180, in default
    raise TypeError(f'Object of type {o.__class__.__name__} '
TypeError: Object of type int64 is not JSON serializable
E:\빅프로젝트_34조\be_predict\bigproject28\prediction\views.py changed, reloading.
Watching for file changes with StatReloader
Starting new HTTP connection (1): www.kamis.or.kr:80
http://www.kamis.or.kr:80 "GET /service/price/xml.do?action=periodProductList&p_productclscode=02&p_startday=20230709&p_endday=20240708&p_itemcategorycode=100&p_itemcode=151&p_kindcode=&p_productrankcode=&p_countrycode=2401&p_convert_kg_yn=Y&p_cert_key=5d554929-4444-4cf8-9c58-618f30877777&p_cert_id=4540&p_returntype=xml HTTP/11" 302 140
Starting new HTTPS connection (1): www.kamis.or.kr:443
https://www.kamis.or.kr:443 "GET /service/price/xml.do?action=periodProductList&p_productclscode=02&p_startday=20230709&p_endday=20240708&p_itemcategorycode=100&p_itemcode=151&p_kindcode=&p_productrankcode=&p_countrycode=2401&p_convert_kg_yn=Y&p_cert_key=5d554929-4444-4cf8-9c58-618f30877777&p_cert_id=4540&p_returntype=xml HTTP/11" 200 None
Starting new HTTP connection (1): apis.data.go.kr:80
http://apis.data.go.kr:80 "GET /1360000/AsosDalyInfoService/getWthrDataList?serviceKey=1%2FeYLkvnjZNKzzUpbpb%2B%2FVWWmZExnS0ave8VahtkI0X3CiletYaxBgBnlvunpx8tckfsXBogJJIQJayprpZbmA%3D%3D&pageNo=1&numOfRows=365&dataType=XML&dataCd=ASOS&dateCd=DAY&startDt=20230709&endDt=20240708&stnIds=156 HTTP/11" 200 None
Starting new HTTP connection (1): www.kamis.or.kr:80
http://www.kamis.or.kr:80 "GET /service/price/xml.do?action=periodProductList&p_productclscode=02&p_startday=20230709&p_endday=20240708&p_itemcategorycode=100&p_itemcode=152&p_kindcode=&p_productrankcode=&p_countrycode=2401&p_convert_kg_yn=Y&p_cert_key=5d554929-4444-4cf8-9c58-618f30877777&p_cert_id=4540&p_returntype=xml HTTP/11" 302 140
Starting new HTTPS connection (1): www.kamis.or.kr:443
https://www.kamis.or.kr:443 "GET /service/price/xml.do?action=periodProductList&p_productclscode=02&p_startday=20230709&p_endday=20240708&p_itemcategorycode=100&p_itemcode=152&p_kindcode=&p_productrankcode=&p_countrycode=2401&p_convert_kg_yn=Y&p_cert_key=5d554929-4444-4cf8-9c58-618f30877777&p_cert_id=4540&p_returntype=xml HTTP/11" 200 None
Starting new HTTP connection (1): apis.data.go.kr:80
http://apis.data.go.kr:80 "GET /1360000/AsosDalyInfoService/getWthrDataList?serviceKey=1%2FeYLkvnjZNKzzUpbpb%2B%2FVWWmZExnS0ave8VahtkI0X3CiletYaxBgBnlvunpx8tckfsXBogJJIQJayprpZbmA%3D%3D&pageNo=1&numOfRows=365&dataType=XML&dataCd=ASOS&dateCd=DAY&startDt=20230709&endDt=20240708&stnIds=156 HTTP/11" 200 None
Internal Server Error: /prediction/
Traceback (most recent call last):
  File "C:\Users\lhu07\anaconda3\envs\big_project\Lib\site-packages\django\core\handlers\exception.py", line 55, in inner
    response = get_response(request)
               ^^^^^^^^^^^^^^^^^^^^^
  File "C:\Users\lhu07\anaconda3\envs\big_project\Lib\site-packages\django\utils\deprecation.py", line 136, in __call__
    response = self.process_response(request, response)
               ^^^^^^^^^^^^^^^^^^^^^^^^^^^^^^^^^^^^^^^^
  File "C:\Users\lhu07\anaconda3\envs\big_project\Lib\site-packages\django\contrib\sessions\middleware.py", line 59, in process_response
    request.session.save()
  File "C:\Users\lhu07\anaconda3\envs\big_project\Lib\site-packages\django\contrib\sessions\backends\db.py", line 82, in save
    obj = self.create_model_instance(data)
          ^^^^^^^^^^^^^^^^^^^^^^^^^^^^^^^^
  File "C:\Users\lhu07\anaconda3\envs\big_project\Lib\site-packages\django\contrib\sessions\backends\db.py", line 69, in create_model_instance
    session_data=self.encode(data),
                 ^^^^^^^^^^^^^^^^^
  File "C:\Users\lhu07\anaconda3\envs\big_project\Lib\site-packages\django\contrib\sessions\backends\base.py", line 94, in encode
    return signing.dumps(
           ^^^^^^^^^^^^^^
  File "C:\Users\lhu07\anaconda3\envs\big_project\Lib\site-packages\django\core\signing.py", line 152, in dumps
    return TimestampSigner(key=key, salt=salt).sign_object(
           ^^^^^^^^^^^^^^^^^^^^^^^^^^^^^^^^^^^^^^^^^^^^^^^^
  File "C:\Users\lhu07\anaconda3\envs\big_project\Lib\site-packages\django\core\signing.py", line 250, in sign_object
    data = serializer().dumps(obj)
           ^^^^^^^^^^^^^^^^^^^^^^^
  File "C:\Users\lhu07\anaconda3\envs\big_project\Lib\site-packages\django\core\signing.py", line 127, in dumps
    return json.dumps(obj, separators=(",", ":")).encode("latin-1")
           ^^^^^^^^^^^^^^^^^^^^^^^^^^^^^^^^^^^^^^
  File "C:\Users\lhu07\anaconda3\envs\big_project\Lib\json\__init__.py", line 238, in dumps
    **kw).encode(obj)
          ^^^^^^^^^^^
  File "C:\Users\lhu07\anaconda3\envs\big_project\Lib\json\encoder.py", line 200, in encode
    chunks = self.iterencode(o, _one_shot=True)
             ^^^^^^^^^^^^^^^^^^^^^^^^^^^^^^^^^^
  File "C:\Users\lhu07\anaconda3\envs\big_project\Lib\json\encoder.py", line 258, in iterencode
    return _iterencode(o, 0)
           ^^^^^^^^^^^^^^^^^
  File "C:\Users\lhu07\anaconda3\envs\big_project\Lib\json\encoder.py", line 180, in default
    raise TypeError(f'Object of type {o.__class__.__name__} '
TypeError: Object of type int64 is not JSON serializable
E:\빅프로젝트_34조\be_predict\bigproject28\prediction\views.py changed, reloading.
Watching for file changes with StatReloader
E:\빅프로젝트_34조\be_predict\bigproject28\prediction\views.py changed, reloading.
Watching for file changes with StatReloader
Starting new HTTP connection (1): www.kamis.or.kr:80
http://www.kamis.or.kr:80 "GET /service/price/xml.do?action=periodProductList&p_productclscode=02&p_startday=20230709&p_endday=20240708&p_itemcategorycode=100&p_itemcode=151&p_kindcode=&p_productrankcode=&p_countrycode=2401&p_convert_kg_yn=Y&p_cert_key=5d554929-4444-4cf8-9c58-618f30877777&p_cert_id=4540&p_returntype=xml HTTP/11" 302 140
Starting new HTTPS connection (1): www.kamis.or.kr:443
https://www.kamis.or.kr:443 "GET /service/price/xml.do?action=periodProductList&p_productclscode=02&p_startday=20230709&p_endday=20240708&p_itemcategorycode=100&p_itemcode=151&p_kindcode=&p_productrankcode=&p_countrycode=2401&p_convert_kg_yn=Y&p_cert_key=5d554929-4444-4cf8-9c58-618f30877777&p_cert_id=4540&p_returntype=xml HTTP/11" 200 None
Starting new HTTP connection (1): apis.data.go.kr:80
http://apis.data.go.kr:80 "GET /1360000/AsosDalyInfoService/getWthrDataList?serviceKey=1%2FeYLkvnjZNKzzUpbpb%2B%2FVWWmZExnS0ave8VahtkI0X3CiletYaxBgBnlvunpx8tckfsXBogJJIQJayprpZbmA%3D%3D&pageNo=1&numOfRows=365&dataType=XML&dataCd=ASOS&dateCd=DAY&startDt=20230709&endDt=20240708&stnIds=156 HTTP/11" 200 None
Starting new HTTP connection (1): www.kamis.or.kr:80
http://www.kamis.or.kr:80 "GET /service/price/xml.do?action=periodProductList&p_productclscode=02&p_startday=20230709&p_endday=20240708&p_itemcategorycode=100&p_itemcode=152&p_kindcode=&p_productrankcode=&p_countrycode=2401&p_convert_kg_yn=Y&p_cert_key=5d554929-4444-4cf8-9c58-618f30877777&p_cert_id=4540&p_returntype=xml HTTP/11" 302 140
Starting new HTTPS connection (1): www.kamis.or.kr:443
https://www.kamis.or.kr:443 "GET /service/price/xml.do?action=periodProductList&p_productclscode=02&p_startday=20230709&p_endday=20240708&p_itemcategorycode=100&p_itemcode=152&p_kindcode=&p_productrankcode=&p_countrycode=2401&p_convert_kg_yn=Y&p_cert_key=5d554929-4444-4cf8-9c58-618f30877777&p_cert_id=4540&p_returntype=xml HTTP/11" 200 None
Starting new HTTP connection (1): apis.data.go.kr:80
http://apis.data.go.kr:80 "GET /1360000/AsosDalyInfoService/getWthrDataList?serviceKey=1%2FeYLkvnjZNKzzUpbpb%2B%2FVWWmZExnS0ave8VahtkI0X3CiletYaxBgBnlvunpx8tckfsXBogJJIQJayprpZbmA%3D%3D&pageNo=1&numOfRows=365&dataType=XML&dataCd=ASOS&dateCd=DAY&startDt=20230709&endDt=20240708&stnIds=156 HTTP/11" 200 None
Internal Server Error: /prediction/
Traceback (most recent call last):
  File "C:\Users\lhu07\anaconda3\envs\big_project\Lib\site-packages\django\core\handlers\exception.py", line 55, in inner
    response = get_response(request)
               ^^^^^^^^^^^^^^^^^^^^^
  File "C:\Users\lhu07\anaconda3\envs\big_project\Lib\site-packages\django\utils\deprecation.py", line 136, in __call__
    response = self.process_response(request, response)
               ^^^^^^^^^^^^^^^^^^^^^^^^^^^^^^^^^^^^^^^^
  File "C:\Users\lhu07\anaconda3\envs\big_project\Lib\site-packages\django\contrib\sessions\middleware.py", line 59, in process_response
    request.session.save()
  File "C:\Users\lhu07\anaconda3\envs\big_project\Lib\site-packages\django\contrib\sessions\backends\db.py", line 82, in save
    obj = self.create_model_instance(data)
          ^^^^^^^^^^^^^^^^^^^^^^^^^^^^^^^^
  File "C:\Users\lhu07\anaconda3\envs\big_project\Lib\site-packages\django\contrib\sessions\backends\db.py", line 69, in create_model_instance
    session_data=self.encode(data),
                 ^^^^^^^^^^^^^^^^^
  File "C:\Users\lhu07\anaconda3\envs\big_project\Lib\site-packages\django\contrib\sessions\backends\base.py", line 94, in encode
    return signing.dumps(
           ^^^^^^^^^^^^^^
  File "C:\Users\lhu07\anaconda3\envs\big_project\Lib\site-packages\django\core\signing.py", line 152, in dumps
    return TimestampSigner(key=key, salt=salt).sign_object(
           ^^^^^^^^^^^^^^^^^^^^^^^^^^^^^^^^^^^^^^^^^^^^^^^^
  File "C:\Users\lhu07\anaconda3\envs\big_project\Lib\site-packages\django\core\signing.py", line 250, in sign_object
    data = serializer().dumps(obj)
           ^^^^^^^^^^^^^^^^^^^^^^^
  File "C:\Users\lhu07\anaconda3\envs\big_project\Lib\site-packages\django\core\signing.py", line 127, in dumps
    return json.dumps(obj, separators=(",", ":")).encode("latin-1")
           ^^^^^^^^^^^^^^^^^^^^^^^^^^^^^^^^^^^^^^
  File "C:\Users\lhu07\anaconda3\envs\big_project\Lib\json\__init__.py", line 238, in dumps
    **kw).encode(obj)
          ^^^^^^^^^^^
  File "C:\Users\lhu07\anaconda3\envs\big_project\Lib\json\encoder.py", line 200, in encode
    chunks = self.iterencode(o, _one_shot=True)
             ^^^^^^^^^^^^^^^^^^^^^^^^^^^^^^^^^^
  File "C:\Users\lhu07\anaconda3\envs\big_project\Lib\json\encoder.py", line 258, in iterencode
    return _iterencode(o, 0)
           ^^^^^^^^^^^^^^^^^
  File "C:\Users\lhu07\anaconda3\envs\big_project\Lib\json\encoder.py", line 180, in default
    raise TypeError(f'Object of type {o.__class__.__name__} '
TypeError: Object of type int64 is not JSON serializable
E:\빅프로젝트_34조\be_predict\bigproject28\prediction\views.py changed, reloading.
Watching for file changes with StatReloader
Starting new HTTP connection (1): www.kamis.or.kr:80
http://www.kamis.or.kr:80 "GET /service/price/xml.do?action=periodProductList&p_productclscode=02&p_startday=20230709&p_endday=20240708&p_itemcategorycode=100&p_itemcode=151&p_kindcode=&p_productrankcode=&p_countrycode=2401&p_convert_kg_yn=Y&p_cert_key=5d554929-4444-4cf8-9c58-618f30877777&p_cert_id=4540&p_returntype=xml HTTP/11" 302 140
Starting new HTTPS connection (1): www.kamis.or.kr:443
https://www.kamis.or.kr:443 "GET /service/price/xml.do?action=periodProductList&p_productclscode=02&p_startday=20230709&p_endday=20240708&p_itemcategorycode=100&p_itemcode=151&p_kindcode=&p_productrankcode=&p_countrycode=2401&p_convert_kg_yn=Y&p_cert_key=5d554929-4444-4cf8-9c58-618f30877777&p_cert_id=4540&p_returntype=xml HTTP/11" 200 None
Starting new HTTP connection (1): apis.data.go.kr:80
http://apis.data.go.kr:80 "GET /1360000/AsosDalyInfoService/getWthrDataList?serviceKey=1%2FeYLkvnjZNKzzUpbpb%2B%2FVWWmZExnS0ave8VahtkI0X3CiletYaxBgBnlvunpx8tckfsXBogJJIQJayprpZbmA%3D%3D&pageNo=1&numOfRows=365&dataType=XML&dataCd=ASOS&dateCd=DAY&startDt=20230709&endDt=20240708&stnIds=156 HTTP/11" 200 None
Starting new HTTP connection (1): www.kamis.or.kr:80
http://www.kamis.or.kr:80 "GET /service/price/xml.do?action=periodProductList&p_productclscode=02&p_startday=20230709&p_endday=20240708&p_itemcategorycode=100&p_itemcode=152&p_kindcode=&p_productrankcode=&p_countrycode=2401&p_convert_kg_yn=Y&p_cert_key=5d554929-4444-4cf8-9c58-618f30877777&p_cert_id=4540&p_returntype=xml HTTP/11" 302 140
Starting new HTTPS connection (1): www.kamis.or.kr:443
https://www.kamis.or.kr:443 "GET /service/price/xml.do?action=periodProductList&p_productclscode=02&p_startday=20230709&p_endday=20240708&p_itemcategorycode=100&p_itemcode=152&p_kindcode=&p_productrankcode=&p_countrycode=2401&p_convert_kg_yn=Y&p_cert_key=5d554929-4444-4cf8-9c58-618f30877777&p_cert_id=4540&p_returntype=xml HTTP/11" 200 None
Starting new HTTP connection (1): apis.data.go.kr:80
http://apis.data.go.kr:80 "GET /1360000/AsosDalyInfoService/getWthrDataList?serviceKey=1%2FeYLkvnjZNKzzUpbpb%2B%2FVWWmZExnS0ave8VahtkI0X3CiletYaxBgBnlvunpx8tckfsXBogJJIQJayprpZbmA%3D%3D&pageNo=1&numOfRows=365&dataType=XML&dataCd=ASOS&dateCd=DAY&startDt=20230709&endDt=20240708&stnIds=156 HTTP/11" 200 None
Internal Server Error: /prediction/
Traceback (most recent call last):
  File "C:\Users\lhu07\anaconda3\envs\big_project\Lib\site-packages\django\core\handlers\exception.py", line 55, in inner
    response = get_response(request)
               ^^^^^^^^^^^^^^^^^^^^^
  File "C:\Users\lhu07\anaconda3\envs\big_project\Lib\site-packages\django\utils\deprecation.py", line 136, in __call__
    response = self.process_response(request, response)
               ^^^^^^^^^^^^^^^^^^^^^^^^^^^^^^^^^^^^^^^^
  File "C:\Users\lhu07\anaconda3\envs\big_project\Lib\site-packages\django\contrib\sessions\middleware.py", line 59, in process_response
    request.session.save()
  File "C:\Users\lhu07\anaconda3\envs\big_project\Lib\site-packages\django\contrib\sessions\backends\db.py", line 82, in save
    obj = self.create_model_instance(data)
          ^^^^^^^^^^^^^^^^^^^^^^^^^^^^^^^^
  File "C:\Users\lhu07\anaconda3\envs\big_project\Lib\site-packages\django\contrib\sessions\backends\db.py", line 69, in create_model_instance
    session_data=self.encode(data),
                 ^^^^^^^^^^^^^^^^^
  File "C:\Users\lhu07\anaconda3\envs\big_project\Lib\site-packages\django\contrib\sessions\backends\base.py", line 94, in encode
    return signing.dumps(
           ^^^^^^^^^^^^^^
  File "C:\Users\lhu07\anaconda3\envs\big_project\Lib\site-packages\django\core\signing.py", line 152, in dumps
    return TimestampSigner(key=key, salt=salt).sign_object(
           ^^^^^^^^^^^^^^^^^^^^^^^^^^^^^^^^^^^^^^^^^^^^^^^^
  File "C:\Users\lhu07\anaconda3\envs\big_project\Lib\site-packages\django\core\signing.py", line 250, in sign_object
    data = serializer().dumps(obj)
           ^^^^^^^^^^^^^^^^^^^^^^^
  File "C:\Users\lhu07\anaconda3\envs\big_project\Lib\site-packages\django\core\signing.py", line 127, in dumps
    return json.dumps(obj, separators=(",", ":")).encode("latin-1")
           ^^^^^^^^^^^^^^^^^^^^^^^^^^^^^^^^^^^^^^
  File "C:\Users\lhu07\anaconda3\envs\big_project\Lib\json\__init__.py", line 238, in dumps
    **kw).encode(obj)
          ^^^^^^^^^^^
  File "C:\Users\lhu07\anaconda3\envs\big_project\Lib\json\encoder.py", line 200, in encode
    chunks = self.iterencode(o, _one_shot=True)
             ^^^^^^^^^^^^^^^^^^^^^^^^^^^^^^^^^^
  File "C:\Users\lhu07\anaconda3\envs\big_project\Lib\json\encoder.py", line 258, in iterencode
    return _iterencode(o, 0)
           ^^^^^^^^^^^^^^^^^
  File "C:\Users\lhu07\anaconda3\envs\big_project\Lib\json\encoder.py", line 180, in default
    raise TypeError(f'Object of type {o.__class__.__name__} '
TypeError: Object of type int64 is not JSON serializable
E:\빅프로젝트_34조\be_predict\bigproject28\prediction\views.py changed, reloading.
Watching for file changes with StatReloader
Starting new HTTP connection (1): www.kamis.or.kr:80
http://www.kamis.or.kr:80 "GET /service/price/xml.do?action=periodProductList&p_productclscode=02&p_startday=20230709&p_endday=20240708&p_itemcategorycode=100&p_itemcode=151&p_kindcode=&p_productrankcode=&p_countrycode=2401&p_convert_kg_yn=Y&p_cert_key=5d554929-4444-4cf8-9c58-618f30877777&p_cert_id=4540&p_returntype=xml HTTP/11" 302 140
Starting new HTTPS connection (1): www.kamis.or.kr:443
https://www.kamis.or.kr:443 "GET /service/price/xml.do?action=periodProductList&p_productclscode=02&p_startday=20230709&p_endday=20240708&p_itemcategorycode=100&p_itemcode=151&p_kindcode=&p_productrankcode=&p_countrycode=2401&p_convert_kg_yn=Y&p_cert_key=5d554929-4444-4cf8-9c58-618f30877777&p_cert_id=4540&p_returntype=xml HTTP/11" 200 None
Starting new HTTP connection (1): apis.data.go.kr:80
http://apis.data.go.kr:80 "GET /1360000/AsosDalyInfoService/getWthrDataList?serviceKey=1%2FeYLkvnjZNKzzUpbpb%2B%2FVWWmZExnS0ave8VahtkI0X3CiletYaxBgBnlvunpx8tckfsXBogJJIQJayprpZbmA%3D%3D&pageNo=1&numOfRows=365&dataType=XML&dataCd=ASOS&dateCd=DAY&startDt=20230709&endDt=20240708&stnIds=156 HTTP/11" 200 None
Starting new HTTP connection (1): www.kamis.or.kr:80
http://www.kamis.or.kr:80 "GET /service/price/xml.do?action=periodProductList&p_productclscode=02&p_startday=20230709&p_endday=20240708&p_itemcategorycode=100&p_itemcode=152&p_kindcode=&p_productrankcode=&p_countrycode=2401&p_convert_kg_yn=Y&p_cert_key=5d554929-4444-4cf8-9c58-618f30877777&p_cert_id=4540&p_returntype=xml HTTP/11" 302 140
Starting new HTTPS connection (1): www.kamis.or.kr:443
https://www.kamis.or.kr:443 "GET /service/price/xml.do?action=periodProductList&p_productclscode=02&p_startday=20230709&p_endday=20240708&p_itemcategorycode=100&p_itemcode=152&p_kindcode=&p_productrankcode=&p_countrycode=2401&p_convert_kg_yn=Y&p_cert_key=5d554929-4444-4cf8-9c58-618f30877777&p_cert_id=4540&p_returntype=xml HTTP/11" 200 None
Starting new HTTP connection (1): apis.data.go.kr:80
http://apis.data.go.kr:80 "GET /1360000/AsosDalyInfoService/getWthrDataList?serviceKey=1%2FeYLkvnjZNKzzUpbpb%2B%2FVWWmZExnS0ave8VahtkI0X3CiletYaxBgBnlvunpx8tckfsXBogJJIQJayprpZbmA%3D%3D&pageNo=1&numOfRows=365&dataType=XML&dataCd=ASOS&dateCd=DAY&startDt=20230709&endDt=20240708&stnIds=156 HTTP/11" 200 None
Internal Server Error: /prediction/
Traceback (most recent call last):
  File "C:\Users\lhu07\anaconda3\envs\big_project\Lib\site-packages\django\core\handlers\exception.py", line 55, in inner
    response = get_response(request)
               ^^^^^^^^^^^^^^^^^^^^^
  File "C:\Users\lhu07\anaconda3\envs\big_project\Lib\site-packages\django\utils\deprecation.py", line 136, in __call__
    response = self.process_response(request, response)
               ^^^^^^^^^^^^^^^^^^^^^^^^^^^^^^^^^^^^^^^^
  File "C:\Users\lhu07\anaconda3\envs\big_project\Lib\site-packages\django\contrib\sessions\middleware.py", line 59, in process_response
    request.session.save()
  File "C:\Users\lhu07\anaconda3\envs\big_project\Lib\site-packages\django\contrib\sessions\backends\db.py", line 82, in save
    obj = self.create_model_instance(data)
          ^^^^^^^^^^^^^^^^^^^^^^^^^^^^^^^^
  File "C:\Users\lhu07\anaconda3\envs\big_project\Lib\site-packages\django\contrib\sessions\backends\db.py", line 69, in create_model_instance
    session_data=self.encode(data),
                 ^^^^^^^^^^^^^^^^^
  File "C:\Users\lhu07\anaconda3\envs\big_project\Lib\site-packages\django\contrib\sessions\backends\base.py", line 94, in encode
    return signing.dumps(
           ^^^^^^^^^^^^^^
  File "C:\Users\lhu07\anaconda3\envs\big_project\Lib\site-packages\django\core\signing.py", line 152, in dumps
    return TimestampSigner(key=key, salt=salt).sign_object(
           ^^^^^^^^^^^^^^^^^^^^^^^^^^^^^^^^^^^^^^^^^^^^^^^^
  File "C:\Users\lhu07\anaconda3\envs\big_project\Lib\site-packages\django\core\signing.py", line 250, in sign_object
    data = serializer().dumps(obj)
           ^^^^^^^^^^^^^^^^^^^^^^^
  File "C:\Users\lhu07\anaconda3\envs\big_project\Lib\site-packages\django\core\signing.py", line 127, in dumps
    return json.dumps(obj, separators=(",", ":")).encode("latin-1")
           ^^^^^^^^^^^^^^^^^^^^^^^^^^^^^^^^^^^^^^
  File "C:\Users\lhu07\anaconda3\envs\big_project\Lib\json\__init__.py", line 238, in dumps
    **kw).encode(obj)
          ^^^^^^^^^^^
  File "C:\Users\lhu07\anaconda3\envs\big_project\Lib\json\encoder.py", line 200, in encode
    chunks = self.iterencode(o, _one_shot=True)
             ^^^^^^^^^^^^^^^^^^^^^^^^^^^^^^^^^^
  File "C:\Users\lhu07\anaconda3\envs\big_project\Lib\json\encoder.py", line 258, in iterencode
    return _iterencode(o, 0)
           ^^^^^^^^^^^^^^^^^
  File "C:\Users\lhu07\anaconda3\envs\big_project\Lib\json\encoder.py", line 180, in default
    raise TypeError(f'Object of type {o.__class__.__name__} '
TypeError: Object of type int64 is not JSON serializable
E:\빅프로젝트_34조\be_predict\bigproject28\prediction\views.py changed, reloading.
Watching for file changes with StatReloader
Starting new HTTP connection (1): www.kamis.or.kr:80
http://www.kamis.or.kr:80 "GET /service/price/xml.do?action=periodProductList&p_productclscode=02&p_startday=20230709&p_endday=20240708&p_itemcategorycode=100&p_itemcode=151&p_kindcode=&p_productrankcode=&p_countrycode=2401&p_convert_kg_yn=Y&p_cert_key=5d554929-4444-4cf8-9c58-618f30877777&p_cert_id=4540&p_returntype=xml HTTP/11" 302 140
Starting new HTTPS connection (1): www.kamis.or.kr:443
https://www.kamis.or.kr:443 "GET /service/price/xml.do?action=periodProductList&p_productclscode=02&p_startday=20230709&p_endday=20240708&p_itemcategorycode=100&p_itemcode=151&p_kindcode=&p_productrankcode=&p_countrycode=2401&p_convert_kg_yn=Y&p_cert_key=5d554929-4444-4cf8-9c58-618f30877777&p_cert_id=4540&p_returntype=xml HTTP/11" 200 None
Starting new HTTP connection (1): apis.data.go.kr:80
http://apis.data.go.kr:80 "GET /1360000/AsosDalyInfoService/getWthrDataList?serviceKey=1%2FeYLkvnjZNKzzUpbpb%2B%2FVWWmZExnS0ave8VahtkI0X3CiletYaxBgBnlvunpx8tckfsXBogJJIQJayprpZbmA%3D%3D&pageNo=1&numOfRows=365&dataType=XML&dataCd=ASOS&dateCd=DAY&startDt=20230709&endDt=20240708&stnIds=156 HTTP/11" 200 None
Internal Server Error: /prediction/
Traceback (most recent call last):
  File "C:\Users\lhu07\anaconda3\envs\big_project\Lib\site-packages\django\core\handlers\exception.py", line 55, in inner
    response = get_response(request)
               ^^^^^^^^^^^^^^^^^^^^^
  File "C:\Users\lhu07\anaconda3\envs\big_project\Lib\site-packages\django\utils\deprecation.py", line 136, in __call__
    response = self.process_response(request, response)
               ^^^^^^^^^^^^^^^^^^^^^^^^^^^^^^^^^^^^^^^^
  File "C:\Users\lhu07\anaconda3\envs\big_project\Lib\site-packages\django\contrib\sessions\middleware.py", line 59, in process_response
    request.session.save()
  File "C:\Users\lhu07\anaconda3\envs\big_project\Lib\site-packages\django\contrib\sessions\backends\db.py", line 82, in save
    obj = self.create_model_instance(data)
          ^^^^^^^^^^^^^^^^^^^^^^^^^^^^^^^^
  File "C:\Users\lhu07\anaconda3\envs\big_project\Lib\site-packages\django\contrib\sessions\backends\db.py", line 69, in create_model_instance
    session_data=self.encode(data),
                 ^^^^^^^^^^^^^^^^^
  File "C:\Users\lhu07\anaconda3\envs\big_project\Lib\site-packages\django\contrib\sessions\backends\base.py", line 94, in encode
    return signing.dumps(
           ^^^^^^^^^^^^^^
  File "C:\Users\lhu07\anaconda3\envs\big_project\Lib\site-packages\django\core\signing.py", line 152, in dumps
    return TimestampSigner(key=key, salt=salt).sign_object(
           ^^^^^^^^^^^^^^^^^^^^^^^^^^^^^^^^^^^^^^^^^^^^^^^^
  File "C:\Users\lhu07\anaconda3\envs\big_project\Lib\site-packages\django\core\signing.py", line 250, in sign_object
    data = serializer().dumps(obj)
           ^^^^^^^^^^^^^^^^^^^^^^^
  File "C:\Users\lhu07\anaconda3\envs\big_project\Lib\site-packages\django\core\signing.py", line 127, in dumps
    return json.dumps(obj, separators=(",", ":")).encode("latin-1")
           ^^^^^^^^^^^^^^^^^^^^^^^^^^^^^^^^^^^^^^
  File "C:\Users\lhu07\anaconda3\envs\big_project\Lib\json\__init__.py", line 238, in dumps
    **kw).encode(obj)
          ^^^^^^^^^^^
  File "C:\Users\lhu07\anaconda3\envs\big_project\Lib\json\encoder.py", line 200, in encode
    chunks = self.iterencode(o, _one_shot=True)
             ^^^^^^^^^^^^^^^^^^^^^^^^^^^^^^^^^^
  File "C:\Users\lhu07\anaconda3\envs\big_project\Lib\json\encoder.py", line 258, in iterencode
    return _iterencode(o, 0)
           ^^^^^^^^^^^^^^^^^
  File "C:\Users\lhu07\anaconda3\envs\big_project\Lib\json\encoder.py", line 180, in default
    raise TypeError(f'Object of type {o.__class__.__name__} '
TypeError: Object of type int64 is not JSON serializable
E:\빅프로젝트_34조\be_predict\bigproject28\prediction\views.py changed, reloading.
Watching for file changes with StatReloader
Starting new HTTP connection (1): www.kamis.or.kr:80
http://www.kamis.or.kr:80 "GET /service/price/xml.do?action=periodProductList&p_productclscode=02&p_startday=20230709&p_endday=20240708&p_itemcategorycode=100&p_itemcode=151&p_kindcode=&p_productrankcode=&p_countrycode=2401&p_convert_kg_yn=Y&p_cert_key=5d554929-4444-4cf8-9c58-618f30877777&p_cert_id=4540&p_returntype=xml HTTP/11" 302 140
Starting new HTTPS connection (1): www.kamis.or.kr:443
https://www.kamis.or.kr:443 "GET /service/price/xml.do?action=periodProductList&p_productclscode=02&p_startday=20230709&p_endday=20240708&p_itemcategorycode=100&p_itemcode=151&p_kindcode=&p_productrankcode=&p_countrycode=2401&p_convert_kg_yn=Y&p_cert_key=5d554929-4444-4cf8-9c58-618f30877777&p_cert_id=4540&p_returntype=xml HTTP/11" 200 None
Starting new HTTP connection (1): apis.data.go.kr:80
http://apis.data.go.kr:80 "GET /1360000/AsosDalyInfoService/getWthrDataList?serviceKey=1%2FeYLkvnjZNKzzUpbpb%2B%2FVWWmZExnS0ave8VahtkI0X3CiletYaxBgBnlvunpx8tckfsXBogJJIQJayprpZbmA%3D%3D&pageNo=1&numOfRows=365&dataType=XML&dataCd=ASOS&dateCd=DAY&startDt=20230709&endDt=20240708&stnIds=156 HTTP/11" 200 None
Internal Server Error: /prediction/
Traceback (most recent call last):
  File "C:\Users\lhu07\anaconda3\envs\big_project\Lib\site-packages\django\core\handlers\exception.py", line 55, in inner
    response = get_response(request)
               ^^^^^^^^^^^^^^^^^^^^^
  File "C:\Users\lhu07\anaconda3\envs\big_project\Lib\site-packages\django\utils\deprecation.py", line 136, in __call__
    response = self.process_response(request, response)
               ^^^^^^^^^^^^^^^^^^^^^^^^^^^^^^^^^^^^^^^^
  File "C:\Users\lhu07\anaconda3\envs\big_project\Lib\site-packages\django\contrib\sessions\middleware.py", line 59, in process_response
    request.session.save()
  File "C:\Users\lhu07\anaconda3\envs\big_project\Lib\site-packages\django\contrib\sessions\backends\db.py", line 82, in save
    obj = self.create_model_instance(data)
          ^^^^^^^^^^^^^^^^^^^^^^^^^^^^^^^^
  File "C:\Users\lhu07\anaconda3\envs\big_project\Lib\site-packages\django\contrib\sessions\backends\db.py", line 69, in create_model_instance
    session_data=self.encode(data),
                 ^^^^^^^^^^^^^^^^^
  File "C:\Users\lhu07\anaconda3\envs\big_project\Lib\site-packages\django\contrib\sessions\backends\base.py", line 94, in encode
    return signing.dumps(
           ^^^^^^^^^^^^^^
  File "C:\Users\lhu07\anaconda3\envs\big_project\Lib\site-packages\django\core\signing.py", line 152, in dumps
    return TimestampSigner(key=key, salt=salt).sign_object(
           ^^^^^^^^^^^^^^^^^^^^^^^^^^^^^^^^^^^^^^^^^^^^^^^^
  File "C:\Users\lhu07\anaconda3\envs\big_project\Lib\site-packages\django\core\signing.py", line 250, in sign_object
    data = serializer().dumps(obj)
           ^^^^^^^^^^^^^^^^^^^^^^^
  File "C:\Users\lhu07\anaconda3\envs\big_project\Lib\site-packages\django\core\signing.py", line 127, in dumps
    return json.dumps(obj, separators=(",", ":")).encode("latin-1")
           ^^^^^^^^^^^^^^^^^^^^^^^^^^^^^^^^^^^^^^
  File "C:\Users\lhu07\anaconda3\envs\big_project\Lib\json\__init__.py", line 238, in dumps
    **kw).encode(obj)
          ^^^^^^^^^^^
  File "C:\Users\lhu07\anaconda3\envs\big_project\Lib\json\encoder.py", line 200, in encode
    chunks = self.iterencode(o, _one_shot=True)
             ^^^^^^^^^^^^^^^^^^^^^^^^^^^^^^^^^^
  File "C:\Users\lhu07\anaconda3\envs\big_project\Lib\json\encoder.py", line 258, in iterencode
    return _iterencode(o, 0)
           ^^^^^^^^^^^^^^^^^
  File "C:\Users\lhu07\anaconda3\envs\big_project\Lib\json\encoder.py", line 180, in default
    raise TypeError(f'Object of type {o.__class__.__name__} '
TypeError: Object of type int64 is not JSON serializable
E:\빅프로젝트_34조\be_predict\bigproject28\prediction\views.py changed, reloading.
Watching for file changes with StatReloader
Starting new HTTP connection (1): www.kamis.or.kr:80
http://www.kamis.or.kr:80 "GET /service/price/xml.do?action=periodProductList&p_productclscode=02&p_startday=20230709&p_endday=20240708&p_itemcategorycode=100&p_itemcode=151&p_kindcode=&p_productrankcode=&p_countrycode=2401&p_convert_kg_yn=Y&p_cert_key=5d554929-4444-4cf8-9c58-618f30877777&p_cert_id=4540&p_returntype=xml HTTP/11" 302 140
Starting new HTTPS connection (1): www.kamis.or.kr:443
https://www.kamis.or.kr:443 "GET /service/price/xml.do?action=periodProductList&p_productclscode=02&p_startday=20230709&p_endday=20240708&p_itemcategorycode=100&p_itemcode=151&p_kindcode=&p_productrankcode=&p_countrycode=2401&p_convert_kg_yn=Y&p_cert_key=5d554929-4444-4cf8-9c58-618f30877777&p_cert_id=4540&p_returntype=xml HTTP/11" 200 None
Starting new HTTP connection (1): apis.data.go.kr:80
http://apis.data.go.kr:80 "GET /1360000/AsosDalyInfoService/getWthrDataList?serviceKey=1%2FeYLkvnjZNKzzUpbpb%2B%2FVWWmZExnS0ave8VahtkI0X3CiletYaxBgBnlvunpx8tckfsXBogJJIQJayprpZbmA%3D%3D&pageNo=1&numOfRows=365&dataType=XML&dataCd=ASOS&dateCd=DAY&startDt=20230709&endDt=20240708&stnIds=156 HTTP/11" 200 None
